Processing column 0:
	Have inputed 113 out of an expected 13230 non-zero entries into mxArray.
	Processing column 1:
	Have inputed 202 out of an expected 13230 non-zero entries into mxArray.
	Processing column 2:
	Have inputed 290 out of an expected 13230 non-zero entries into mxArray.
	Processing column 3:
	Have inputed 402 out of an expected 13230 non-zero entries into mxArray.
	Processing column 4:
	Have inputed 512 out of an expected 13230 non-zero entries into mxArray.
	Processing column 5:
	Have inputed 625 out of an expected 13230 non-zero entries into mxArray.
	Processing column 6:
	Have inputed 736 out of an expected 13230 non-zero entries into mxArray.
	Processing column 7:
	Have inputed 844 out of an expected 13230 non-zero entries into mxArray.
	Processing column 8:
	Have inputed 953 out of an expected 13230 non-zero entries into mxArray.
	Processing column 9:
	Have inputed 1060 out of an expected 13230 non-zero entries into mxArray.
	Processing column 10:
	Have inputed 1168 out of an expected 13230 non-zero entries into mxArray.
	Processing column 11:
	Have inputed 1270 out of an expected 13230 non-zero entries into mxArray.
	Processing column 12:
	Have inputed 1375 out of an expected 13230 non-zero entries into mxArray.
	Processing column 13:
	Have inputed 1481 out of an expected 13230 non-zero entries into mxArray.
	Processing column 14:
	Have inputed 1591 out of an expected 13230 non-zero entries into mxArray.
	Processing column 15:
	Have inputed 1696 out of an expected 13230 non-zero entries into mxArray.
	Processing column 16:
	Have inputed 1805 out of an expected 13230 non-zero entries into mxArray.
	Processing column 17:
	Have inputed 1909 out of an expected 13230 non-zero entries into mxArray.
	Processing column 18:
	Have inputed 2012 out of an expected 13230 non-zero entries into mxArray.
	Processing column 19:
	Have inputed 2114 out of an expected 13230 non-zero entries into mxArray.
	Processing column 20:
	Have inputed 2213 out of an expected 13230 non-zero entries into mxArray.
	Processing column 21:
	Have inputed 2313 out of an expected 13230 non-zero entries into mxArray.
	Processing column 22:
	Have inputed 2409 out of an expected 13230 non-zero entries into mxArray.
	Processing column 23:
	Have inputed 2506 out of an expected 13230 non-zero entries into mxArray.
	Processing column 24:
	Have inputed 2599 out of an expected 13230 non-zero entries into mxArray.
	Processing column 25:
	Have inputed 2695 out of an expected 13230 non-zero entries into mxArray.
	Processing column 26:
	Have inputed 2794 out of an expected 13230 non-zero entries into mxArray.
	Processing column 27:
	Have inputed 2888 out of an expected 13230 non-zero entries into mxArray.
	Processing column 28:
	Have inputed 2977 out of an expected 13230 non-zero entries into mxArray.
	Processing column 29:
	Have inputed 3069 out of an expected 13230 non-zero entries into mxArray.
	Processing column 30:
	Have inputed 3156 out of an expected 13230 non-zero entries into mxArray.
	Processing column 31:
	Have inputed 3246 out of an expected 13230 non-zero entries into mxArray.
	Processing column 32:
	Have inputed 3331 out of an expected 13230 non-zero entries into mxArray.
	Processing column 33:
	Have inputed 3417 out of an expected 13230 non-zero entries into mxArray.
	Processing column 34:
	Have inputed 3493 out of an expected 13230 non-zero entries into mxArray.
	Processing column 35:
	Have inputed 3577 out of an expected 13230 non-zero entries into mxArray.
	Processing column 36:
	Have inputed 3658 out of an expected 13230 non-zero entries into mxArray.
	Processing column 37:
	Have inputed 3740 out of an expected 13230 non-zero entries into mxArray.
	Processing column 38:
	Have inputed 3819 out of an expected 13230 non-zero entries into mxArray.
	Processing column 39:
	Have inputed 3900 out of an expected 13230 non-zero entries into mxArray.
	Processing column 40:
	Have inputed 3978 out of an expected 13230 non-zero entries into mxArray.
	Processing column 41:
	Have inputed 4057 out of an expected 13230 non-zero entries into mxArray.
	Processing column 42:
	Have inputed 4125 out of an expected 13230 non-zero entries into mxArray.
	Processing column 43:
	Have inputed 4203 out of an expected 13230 non-zero entries into mxArray.
	Processing column 44:
	Have inputed 4278 out of an expected 13230 non-zero entries into mxArray.
	Processing column 45:
	Have inputed 4354 out of an expected 13230 non-zero entries into mxArray.
	Processing column 46:
	Have inputed 4427 out of an expected 13230 non-zero entries into mxArray.
	Processing column 47:
	Have inputed 4501 out of an expected 13230 non-zero entries into mxArray.
	Processing column 48:
	Have inputed 4572 out of an expected 13230 non-zero entries into mxArray.
	Processing column 49:
	Have inputed 4662 out of an expected 13230 non-zero entries into mxArray.
	Processing column 50:
	Have inputed 4747 out of an expected 13230 non-zero entries into mxArray.
	Processing column 51:
	Have inputed 4835 out of an expected 13230 non-zero entries into mxArray.
	Processing column 52:
	Have inputed 4901 out of an expected 13230 non-zero entries into mxArray.
	Processing column 53:
	Have inputed 4966 out of an expected 13230 non-zero entries into mxArray.
	Processing column 54:
	Have inputed 5044 out of an expected 13230 non-zero entries into mxArray.
	Processing column 55:
	Have inputed 5107 out of an expected 13230 non-zero entries into mxArray.
	Processing column 56:
	Have inputed 5168 out of an expected 13230 non-zero entries into mxArray.
	Processing column 57:
	Have inputed 5246 out of an expected 13230 non-zero entries into mxArray.
	Processing column 58:
	Have inputed 5322 out of an expected 13230 non-zero entries into mxArray.
	Processing column 59:
	col 59: row = 40; idx = 1624; start = 1623; end = 1626; j(idx) = 59;
col 59: row = 41; idx = 1628; start = 1626; end = 1632; j(idx) = 59;
col 59: row = 42; idx = 1634; start = 1632; end = 1641; j(idx) = 59;
col 59: row = 43; idx = 1643; start = 1641; end = 1653; j(idx) = 59;
col 59: row = 44; idx = 1655; start = 1653; end = 1668; j(idx) = 59;
col 59: row = 45; idx = 1670; start = 1668; end = 1686; j(idx) = 59;
col 59: row = 46; idx = 1688; start = 1686; end = 1707; j(idx) = 59;
col 59: row = 47; idx = 1709; start = 1707; end = 1731; j(idx) = 59;
col 59: row = 48; idx = 1733; start = 1731; end = 1758; j(idx) = 59;
col 59: row = 49; idx = 1760; start = 1758; end = 1787; j(idx) = 59;
col 59: row = 50; idx = 1789; start = 1787; end = 1818; j(idx) = 59;
col 59: row = 51; idx = 1820; start = 1818; end = 1851; j(idx) = 59;
col 59: row = 52; idx = 1853; start = 1851; end = 1886; j(idx) = 59;
col 59: row = 53; idx = 1888; start = 1886; end = 1923; j(idx) = 59;
col 59: row = 54; idx = 1925; start = 1923; end = 1962; j(idx) = 59;
col 59: row = 55; idx = 1964; start = 1962; end = 2003; j(idx) = 59;
col 59: row = 56; idx = 2005; start = 2003; end = 2045; j(idx) = 59;
col 59: row = 57; idx = 2047; start = 2045; end = 2089; j(idx) = 59;
col 59: row = 58; idx = 2091; start = 2089; end = 2135; j(idx) = 59;
col 59: row = 59; idx = 2137; start = 2135; end = 2182; j(idx) = 59;
col 59: row = 60; idx = 2184; start = 2182; end = 2231; j(idx) = 59;
col 59: row = 61; idx = 2233; start = 2231; end = 2282; j(idx) = 59;
col 59: row = 62; idx = 2284; start = 2282; end = 2335; j(idx) = 59;
col 59: row = 63; idx = 2337; start = 2335; end = 2390; j(idx) = 59;
col 59: row = 64; idx = 2392; start = 2390; end = 2447; j(idx) = 59;
col 59: row = 65; idx = 2449; start = 2447; end = 2506; j(idx) = 59;
col 59: row = 66; idx = 2508; start = 2506; end = 2567; j(idx) = 59;
col 59: row = 67; idx = 2569; start = 2567; end = 2630; j(idx) = 59;
col 59: row = 68; idx = 2632; start = 2630; end = 2695; j(idx) = 59;
col 59: row = 69; idx = 2697; start = 2695; end = 2761; j(idx) = 59;
col 59: row = 70; idx = 2763; start = 2761; end = 2828; j(idx) = 59;
col 59: row = 71; idx = 2830; start = 2828; end = 2896; j(idx) = 59;
col 59: row = 72; idx = 2898; start = 2896; end = 2965; j(idx) = 59;
col 59: row = 73; idx = 2967; start = 2965; end = 3035; j(idx) = 59;
col 59: row = 74; idx = 3037; start = 3035; end = 3106; j(idx) = 59;
col 59: row = 75; idx = 3108; start = 3106; end = 3178; j(idx) = 59;
col 59: row = 76; idx = 3180; start = 3178; end = 3251; j(idx) = 59;
col 59: row = 77; idx = 3253; start = 3251; end = 3325; j(idx) = 59;
col 59: row = 78; idx = 3327; start = 3325; end = 3400; j(idx) = 59;
col 59: row = 79; idx = 3402; start = 3400; end = 3475; j(idx) = 59;
col 59: row = 90; idx = 4413; start = 4354; end = 4526; j(idx) = 59;
col 59: row = 91; idx = 4585; start = 4526; end = 4699; j(idx) = 59;
col 59: row = 92; idx = 4758; start = 4699; end = 4873; j(idx) = 59;
col 59: row = 93; idx = 4932; start = 4873; end = 5048; j(idx) = 59;
col 59: row = 94; idx = 5107; start = 5048; end = 5224; j(idx) = 59;
col 59: row = 95; idx = 5283; start = 5224; end = 5401; j(idx) = 59;
col 59: row = 96; idx = 5460; start = 5401; end = 5579; j(idx) = 59;
col 59: row = 97; idx = 5638; start = 5579; end = 5758; j(idx) = 59;
col 59: row = 98; idx = 5817; start = 5758; end = 5938; j(idx) = 59;
col 59: row = 99; idx = 5997; start = 5938; end = 6118; j(idx) = 59;
col 59: row = 104; idx = 6264; start = 6264; end = 6290; j(idx) = 59;
col 59: row = 105; idx = 6290; start = 6290; end = 6318; j(idx) = 59;
col 59: row = 106; idx = 6347; start = 6318; end = 6347; j(idx) = 59;
col 59: row = 107; idx = 6347; start = 6347; end = 6377; j(idx) = 59;
col 59: row = 108; idx = 6377; start = 6377; end = 6410; j(idx) = 59;
col 59: row = 112; idx = 6486; start = 6486; end = 6525; j(idx) = 59;
col 59: row = 113; idx = 6525; start = 6525; end = 6567; j(idx) = 59;
col 59: row = 114; idx = 6589; start = 6567; end = 6589; j(idx) = 59;
col 59: row = 115; idx = 6589; start = 6589; end = 6633; j(idx) = 59;
col 59: row = 116; idx = 6633; start = 6633; end = 6680; j(idx) = 59;
col 59: row = 117; idx = 6725; start = 6680; end = 6725; j(idx) = 59;
col 59: row = 118; idx = 6725; start = 6725; end = 6774; j(idx) = 59;
col 59: row = 119; idx = 6774; start = 6774; end = 6825; j(idx) = 59;
col 59: row = 120; idx = 6825; start = 6825; end = 6878; j(idx) = 59;
col 59: row = 121; idx = 6912; start = 6878; end = 6912; j(idx) = 59;
col 59: row = 122; idx = 6912; start = 6912; end = 6967; j(idx) = 59;
col 59: row = 123; idx = 6967; start = 6967; end = 7022; j(idx) = 59;
col 59: row = 124; idx = 7022; start = 7022; end = 7079; j(idx) = 59;
col 59: row = 125; idx = 7126; start = 7079; end = 7126; j(idx) = 59;
col 59: row = 126; idx = 7126; start = 7126; end = 7185; j(idx) = 59;
col 59: row = 127; idx = 7234; start = 7185; end = 7234; j(idx) = 59;
col 59: row = 128; idx = 7234; start = 7234; end = 7295; j(idx) = 59;
col 59: row = 129; idx = 7295; start = 7295; end = 7356; j(idx) = 59;
col 59: row = 130; idx = 7356; start = 7356; end = 7419; j(idx) = 59;
col 59: row = 131; idx = 7469; start = 7419; end = 7469; j(idx) = 59;
col 59: row = 132; idx = 7469; start = 7469; end = 7534; j(idx) = 59;
col 59: row = 133; idx = 7534; start = 7534; end = 7599; j(idx) = 59;
col 59: row = 136; idx = 7685; start = 7685; end = 7750; j(idx) = 59;
col 59: row = 140; idx = 7930; start = 7930; end = 7995; j(idx) = 59;
col 59: row = 144; idx = 8185; start = 8185; end = 8250; j(idx) = 59;
col 59: row = 148; idx = 8449; start = 8449; end = 8514; j(idx) = 59;
col 59: row = 152; idx = 8762; start = 8704; end = 8793; j(idx) = 59;
col 59: row = 153; idx = 8852; start = 8793; end = 8939; j(idx) = 59;
col 59: row = 154; idx = 8998; start = 8939; end = 9086; j(idx) = 59;
col 59: row = 155; idx = 9145; start = 9086; end = 9235; j(idx) = 59;
col 59: row = 156; idx = 9294; start = 9235; end = 9385; j(idx) = 59;
col 59: row = 157; idx = 9444; start = 9385; end = 9537; j(idx) = 59;
col 59: row = 158; idx = 9596; start = 9537; end = 9690; j(idx) = 59;
col 59: row = 159; idx = 9749; start = 9690; end = 9845; j(idx) = 59;
col 59: row = 160; idx = 9904; start = 9845; end = 10001; j(idx) = 59;
col 59: row = 161; idx = 10060; start = 10001; end = 10159; j(idx) = 59;
col 59: row = 162; idx = 10218; start = 10159; end = 10318; j(idx) = 59;
col 59: row = 163; idx = 10377; start = 10318; end = 10479; j(idx) = 59;
col 59: row = 164; idx = 10538; start = 10479; end = 10641; j(idx) = 59;
col 59: row = 165; idx = 10700; start = 10641; end = 10805; j(idx) = 59;
col 59: row = 166; idx = 10864; start = 10805; end = 10970; j(idx) = 59;
col 59: row = 167; idx = 11029; start = 10970; end = 11137; j(idx) = 59;
col 59: row = 168; idx = 11196; start = 11137; end = 11305; j(idx) = 59;
col 59: row = 169; idx = 11364; start = 11305; end = 11475; j(idx) = 59;
col 59: row = 170; idx = 11534; start = 11475; end = 11646; j(idx) = 59;
col 59: row = 171; idx = 11705; start = 11646; end = 11818; j(idx) = 59;
col 59: row = 172; idx = 11877; start = 11818; end = 11991; j(idx) = 59;
col 59: row = 173; idx = 12050; start = 11991; end = 12165; j(idx) = 59;
col 59: row = 174; idx = 12224; start = 12165; end = 12340; j(idx) = 59;
col 59: row = 175; idx = 12399; start = 12340; end = 12516; j(idx) = 59;
col 59: row = 176; idx = 12575; start = 12516; end = 12693; j(idx) = 59;
col 59: row = 177; idx = 12752; start = 12693; end = 12871; j(idx) = 59;
col 59: row = 178; idx = 12930; start = 12871; end = 13050; j(idx) = 59;
col 59: row = 179; idx = 13109; start = 13050; end = 13230; j(idx) = 59;
Have inputed 5431 out of an expected 13230 non-zero entries into mxArray.
	Column 59 (109 entries): has 7 less entries than counted.
Processing column 60:
	Have inputed 5504 out of an expected 13230 non-zero entries into mxArray.
	Processing column 61:
	Have inputed 5605 out of an expected 13230 non-zero entries into mxArray.
	Processing column 62:
	Have inputed 5675 out of an expected 13230 non-zero entries into mxArray.
	Processing column 63:
	Have inputed 5775 out of an expected 13230 non-zero entries into mxArray.
	Processing column 64:
	Have inputed 5842 out of an expected 13230 non-zero entries into mxArray.
	Processing column 65:
	Have inputed 5941 out of an expected 13230 non-zero entries into mxArray.
	Processing column 66:
	Have inputed 6005 out of an expected 13230 non-zero entries into mxArray.
	Processing column 67:
	Have inputed 6102 out of an expected 13230 non-zero entries into mxArray.
	Processing column 68:
	Have inputed 6163 out of an expected 13230 non-zero entries into mxArray.
	Processing column 69:
	Have inputed 6256 out of an expected 13230 non-zero entries into mxArray.
	Processing column 70:
	Have inputed 6314 out of an expected 13230 non-zero entries into mxArray.
	Processing column 71:
	Have inputed 6405 out of an expected 13230 non-zero entries into mxArray.
	Processing column 72:
	Have inputed 6460 out of an expected 13230 non-zero entries into mxArray.
	Processing column 73:
	Have inputed 6548 out of an expected 13230 non-zero entries into mxArray.
	Processing column 74:
	Have inputed 6600 out of an expected 13230 non-zero entries into mxArray.
	Processing column 75:
	Have inputed 6686 out of an expected 13230 non-zero entries into mxArray.
	Column 75 (86 entries): has 1 less entries than counted.
Processing column 76:
	Have inputed 6788 out of an expected 13230 non-zero entries into mxArray.
	Processing column 77:
	Have inputed 6889 out of an expected 13230 non-zero entries into mxArray.
	Processing column 78:
	Have inputed 6981 out of an expected 13230 non-zero entries into mxArray.
	Processing column 79:
	Have inputed 7081 out of an expected 13230 non-zero entries into mxArray.
	Processing column 80:
	Have inputed 7172 out of an expected 13230 non-zero entries into mxArray.
	Processing column 81:
	Have inputed 7270 out of an expected 13230 non-zero entries into mxArray.
	Processing column 82:
	Have inputed 7359 out of an expected 13230 non-zero entries into mxArray.
	Processing column 83:
	Have inputed 7456 out of an expected 13230 non-zero entries into mxArray.
	Processing column 84:
	Have inputed 7544 out of an expected 13230 non-zero entries into mxArray.
	Processing column 85:
	Have inputed 7640 out of an expected 13230 non-zero entries into mxArray.
	Processing column 86:
	Have inputed 7727 out of an expected 13230 non-zero entries into mxArray.
	Processing column 87:
	Have inputed 7820 out of an expected 13230 non-zero entries into mxArray.
	Processing column 88:
	Have inputed 7905 out of an expected 13230 non-zero entries into mxArray.
	Processing column 89:
	Have inputed 7995 out of an expected 13230 non-zero entries into mxArray.
	Processing column 90:
	Have inputed 8084 out of an expected 13230 non-zero entries into mxArray.
	Processing column 91:
	Have inputed 8172 out of an expected 13230 non-zero entries into mxArray.
	Processing column 92:
	Have inputed 8254 out of an expected 13230 non-zero entries into mxArray.
	Processing column 93:
	Have inputed 8338 out of an expected 13230 non-zero entries into mxArray.
	Processing column 94:
	Have inputed 8417 out of an expected 13230 non-zero entries into mxArray.
	Processing column 95:
	Have inputed 8509 out of an expected 13230 non-zero entries into mxArray.
	Processing column 96:
	Have inputed 8600 out of an expected 13230 non-zero entries into mxArray.
	Processing column 97:
	Have inputed 8681 out of an expected 13230 non-zero entries into mxArray.
	Processing column 98:
	Have inputed 8771 out of an expected 13230 non-zero entries into mxArray.
	Processing column 99:
	Have inputed 8851 out of an expected 13230 non-zero entries into mxArray.
	Processing column 100:
	Have inputed 8940 out of an expected 13230 non-zero entries into mxArray.
	Processing column 101:
	Have inputed 9020 out of an expected 13230 non-zero entries into mxArray.
	Processing column 102:
	Have inputed 9107 out of an expected 13230 non-zero entries into mxArray.
	Processing column 103:
	Have inputed 9185 out of an expected 13230 non-zero entries into mxArray.
	Processing column 104:
	Have inputed 9270 out of an expected 13230 non-zero entries into mxArray.
	Processing column 105:
	Have inputed 9346 out of an expected 13230 non-zero entries into mxArray.
	Processing column 106:
	Have inputed 9429 out of an expected 13230 non-zero entries into mxArray.
	Processing column 107:
	Have inputed 9503 out of an expected 13230 non-zero entries into mxArray.
	Processing column 108:
	Have inputed 9584 out of an expected 13230 non-zero entries into mxArray.
	Processing column 109:
	Have inputed 9655 out of an expected 13230 non-zero entries into mxArray.
	Processing column 110:
	Have inputed 9735 out of an expected 13230 non-zero entries into mxArray.
	Processing column 111:
	Have inputed 9806 out of an expected 13230 non-zero entries into mxArray.
	Processing column 112:
	Have inputed 9883 out of an expected 13230 non-zero entries into mxArray.
	Processing column 113:
	Have inputed 9951 out of an expected 13230 non-zero entries into mxArray.
	Processing column 114:
	Have inputed 10025 out of an expected 13230 non-zero entries into mxArray.
	Processing column 115:
	Have inputed 10098 out of an expected 13230 non-zero entries into mxArray.
	Processing column 116:
	Have inputed 10162 out of an expected 13230 non-zero entries into mxArray.
	Processing column 117:
	Have inputed 10233 out of an expected 13230 non-zero entries into mxArray.
	Processing column 118:
	Have inputed 10295 out of an expected 13230 non-zero entries into mxArray.
	Processing column 119:
	Have inputed 10363 out of an expected 13230 non-zero entries into mxArray.
	Processing column 120:
	Have inputed 10422 out of an expected 13230 non-zero entries into mxArray.
	Processing column 121:
	Have inputed 10488 out of an expected 13230 non-zero entries into mxArray.
	Processing column 122:
	Have inputed 10545 out of an expected 13230 non-zero entries into mxArray.
	Processing column 123:
	Have inputed 10608 out of an expected 13230 non-zero entries into mxArray.
	Processing column 124:
	Have inputed 10662 out of an expected 13230 non-zero entries into mxArray.
	Processing column 125:
	Have inputed 10723 out of an expected 13230 non-zero entries into mxArray.
	Processing column 126:
	Have inputed 10775 out of an expected 13230 non-zero entries into mxArray.
	Processing column 127:
	Have inputed 10834 out of an expected 13230 non-zero entries into mxArray.
	Processing column 128:
	Have inputed 10884 out of an expected 13230 non-zero entries into mxArray.
	Processing column 129:
	Have inputed 10940 out of an expected 13230 non-zero entries into mxArray.
	Processing column 130:
	Have inputed 10987 out of an expected 13230 non-zero entries into mxArray.
	Processing column 131:
	Have inputed 11041 out of an expected 13230 non-zero entries into mxArray.
	Processing column 132:
	Have inputed 11086 out of an expected 13230 non-zero entries into mxArray.
	Processing column 133:
	Have inputed 11163 out of an expected 13230 non-zero entries into mxArray.
	Processing column 134:
	Have inputed 11239 out of an expected 13230 non-zero entries into mxArray.
	Processing column 135:
	Have inputed 11296 out of an expected 13230 non-zero entries into mxArray.
	Processing column 136:
	Have inputed 11370 out of an expected 13230 non-zero entries into mxArray.
	Processing column 137:
	Have inputed 11425 out of an expected 13230 non-zero entries into mxArray.
	Processing column 138:
	Have inputed 11497 out of an expected 13230 non-zero entries into mxArray.
	Processing column 139:
	Have inputed 11550 out of an expected 13230 non-zero entries into mxArray.
	Processing column 140:
	Have inputed 11606 out of an expected 13230 non-zero entries into mxArray.
	Processing column 141:
	Have inputed 11657 out of an expected 13230 non-zero entries into mxArray.
	Processing column 142:
	Have inputed 11711 out of an expected 13230 non-zero entries into mxArray.
	Processing column 143:
	Have inputed 11760 out of an expected 13230 non-zero entries into mxArray.
	Processing column 144:
	Have inputed 11820 out of an expected 13230 non-zero entries into mxArray.
	Processing column 145:
	Have inputed 11867 out of an expected 13230 non-zero entries into mxArray.
	Processing column 146:
	Have inputed 11925 out of an expected 13230 non-zero entries into mxArray.
	Processing column 147:
	Have inputed 11970 out of an expected 13230 non-zero entries into mxArray.
	Processing column 148:
	Have inputed 12026 out of an expected 13230 non-zero entries into mxArray.
	Processing column 149:
	Have inputed 12069 out of an expected 13230 non-zero entries into mxArray.
	Processing column 150:
	Have inputed 12123 out of an expected 13230 non-zero entries into mxArray.
	Processing column 151:
	Have inputed 12164 out of an expected 13230 non-zero entries into mxArray.
	Processing column 152:
	Have inputed 12212 out of an expected 13230 non-zero entries into mxArray.
	Processing column 153:
	Have inputed 12258 out of an expected 13230 non-zero entries into mxArray.
	Processing column 154:
	Have inputed 12294 out of an expected 13230 non-zero entries into mxArray.
	Processing column 155:
	Have inputed 12337 out of an expected 13230 non-zero entries into mxArray.
	Processing column 156:
	Have inputed 12370 out of an expected 13230 non-zero entries into mxArray.
	Processing column 157:
	Have inputed 12410 out of an expected 13230 non-zero entries into mxArray.
	Processing column 158:
	Have inputed 12440 out of an expected 13230 non-zero entries into mxArray.
	Processing column 159:
	Have inputed 12477 out of an expected 13230 non-zero entries into mxArray.
	Processing column 160:
	Have inputed 12504 out of an expected 13230 non-zero entries into mxArray.
	Processing column 161:
	Have inputed 12538 out of an expected 13230 non-zero entries into mxArray.
	Processing column 162:
	Have inputed 12562 out of an expected 13230 non-zero entries into mxArray.
	Processing column 163:
	Have inputed 12593 out of an expected 13230 non-zero entries into mxArray.
	Processing column 164:
	Have inputed 12614 out of an expected 13230 non-zero entries into mxArray.
	Processing column 165:
	Have inputed 12642 out of an expected 13230 non-zero entries into mxArray.
	Processing column 166:
	Have inputed 12660 out of an expected 13230 non-zero entries into mxArray.
	Processing column 167:
	Have inputed 12685 out of an expected 13230 non-zero entries into mxArray.
	Processing column 168:
	Have inputed 12700 out of an expected 13230 non-zero entries into mxArray.
	Processing column 169:
	Have inputed 12722 out of an expected 13230 non-zero entries into mxArray.
	Processing column 170:
	Have inputed 12734 out of an expected 13230 non-zero entries into mxArray.
	Processing column 171:
	Have inputed 12794 out of an expected 13230 non-zero entries into mxArray.
	Processing column 172:
	Have inputed 12853 out of an expected 13230 non-zero entries into mxArray.
	Processing column 173:
	Have inputed 12911 out of an expected 13230 non-zero entries into mxArray.
	Processing column 174:
	Have inputed 12968 out of an expected 13230 non-zero entries into mxArray.
	Processing column 175:
	Have inputed 13024 out of an expected 13230 non-zero entries into mxArray.
	Processing column 176:
	Have inputed 13079 out of an expected 13230 non-zero entries into mxArray.
	Processing column 177:
	Have inputed 13133 out of an expected 13230 non-zero entries into mxArray.
	Processing column 178:
	Have inputed 13186 out of an expected 13230 non-zero entries into mxArray.
	Processing column 179:
	Have inputed 13238 out of an expected 13230 non-zero entries into mxArray.
	Processing column 0:
	Have inputed 1 out of an expected 1187 non-zero entries into mxArray.
	Processing column 1:
	Have inputed 2 out of an expected 1187 non-zero entries into mxArray.
	Processing column 2:
	Have inputed 4 out of an expected 1187 non-zero entries into mxArray.
	Processing column 3:
	Have inputed 7 out of an expected 1187 non-zero entries into mxArray.
	Processing column 4:
	Have inputed 9 out of an expected 1187 non-zero entries into mxArray.
	Processing column 5:
	Have inputed 13 out of an expected 1187 non-zero entries into mxArray.
	Processing column 6:
	Have inputed 15 out of an expected 1187 non-zero entries into mxArray.
	Processing column 7:
	Have inputed 17 out of an expected 1187 non-zero entries into mxArray.
	Processing column 8:
	Have inputed 20 out of an expected 1187 non-zero entries into mxArray.
	Processing column 9:
	Have inputed 23 out of an expected 1187 non-zero entries into mxArray.
	Processing column 10:
	Have inputed 30 out of an expected 1187 non-zero entries into mxArray.
	Processing column 11:
	Have inputed 37 out of an expected 1187 non-zero entries into mxArray.
	Processing column 12:
	Have inputed 42 out of an expected 1187 non-zero entries into mxArray.
	Processing column 13:
	Have inputed 47 out of an expected 1187 non-zero entries into mxArray.
	Processing column 14:
	Have inputed 61 out of an expected 1187 non-zero entries into mxArray.
	Processing column 15:
	Have inputed 73 out of an expected 1187 non-zero entries into mxArray.
	Processing column 16:
	Have inputed 73 out of an expected 1187 non-zero entries into mxArray.
	Processing column 17:
	Have inputed 73 out of an expected 1187 non-zero entries into mxArray.
	Processing column 18:
	Have inputed 73 out of an expected 1187 non-zero entries into mxArray.
	Processing column 19:
	Have inputed 73 out of an expected 1187 non-zero entries into mxArray.
	Processing column 20:
	Have inputed 87 out of an expected 1187 non-zero entries into mxArray.
	Column 20 (14 entries): has 4 less entries than counted.
Processing column 21:
	Have inputed 94 out of an expected 1187 non-zero entries into mxArray.
	Processing column 22:
	Have inputed 101 out of an expected 1187 non-zero entries into mxArray.
	Processing column 23:
	Have inputed 108 out of an expected 1187 non-zero entries into mxArray.
	Processing column 24:
	Have inputed 113 out of an expected 1187 non-zero entries into mxArray.
	Processing column 25:
	Have inputed 118 out of an expected 1187 non-zero entries into mxArray.
	Processing column 26:
	Have inputed 123 out of an expected 1187 non-zero entries into mxArray.
	Processing column 27:
	Have inputed 128 out of an expected 1187 non-zero entries into mxArray.
	Processing column 28:
	Have inputed 133 out of an expected 1187 non-zero entries into mxArray.
	Processing column 29:
	Have inputed 138 out of an expected 1187 non-zero entries into mxArray.
	Processing column 30:
	Have inputed 143 out of an expected 1187 non-zero entries into mxArray.
	Processing column 31:
	Have inputed 148 out of an expected 1187 non-zero entries into mxArray.
	Processing column 32:
	Have inputed 148 out of an expected 1187 non-zero entries into mxArray.
	Processing column 33:
	Have inputed 148 out of an expected 1187 non-zero entries into mxArray.
	Processing column 34:
	Have inputed 148 out of an expected 1187 non-zero entries into mxArray.
	Processing column 35:
	Have inputed 148 out of an expected 1187 non-zero entries into mxArray.
	Processing column 36:
	Have inputed 172 out of an expected 1187 non-zero entries into mxArray.
	Column 36 (24 entries): has 1 less entries than counted.
Processing column 37:
	Have inputed 198 out of an expected 1187 non-zero entries into mxArray.
	Column 37 (26 entries): has 2 less entries than counted.
Processing column 38:
	Have inputed 214 out of an expected 1187 non-zero entries into mxArray.
	Processing column 39:
	Have inputed 222 out of an expected 1187 non-zero entries into mxArray.
	Processing column 40:
	Have inputed 223 out of an expected 1187 non-zero entries into mxArray.
	Processing column 41:
	Have inputed 225 out of an expected 1187 non-zero entries into mxArray.
	Processing column 42:
	Have inputed 227 out of an expected 1187 non-zero entries into mxArray.
	Processing column 43:
	Have inputed 229 out of an expected 1187 non-zero entries into mxArray.
	Processing column 44:
	Have inputed 231 out of an expected 1187 non-zero entries into mxArray.
	Processing column 45:
	Have inputed 233 out of an expected 1187 non-zero entries into mxArray.
	Processing column 46:
	Have inputed 235 out of an expected 1187 non-zero entries into mxArray.
	Processing column 47:
	Have inputed 237 out of an expected 1187 non-zero entries into mxArray.
	Processing column 48:
	Have inputed 239 out of an expected 1187 non-zero entries into mxArray.
	Processing column 49:
	Have inputed 241 out of an expected 1187 non-zero entries into mxArray.
	Processing column 50:
	Have inputed 252 out of an expected 1187 non-zero entries into mxArray.
	Processing column 51:
	Have inputed 263 out of an expected 1187 non-zero entries into mxArray.
	Processing column 52:
	Have inputed 274 out of an expected 1187 non-zero entries into mxArray.
	Processing column 53:
	Have inputed 285 out of an expected 1187 non-zero entries into mxArray.
	Processing column 54:
	Have inputed 296 out of an expected 1187 non-zero entries into mxArray.
	Processing column 55:
	Have inputed 307 out of an expected 1187 non-zero entries into mxArray.
	Processing column 56:
	Have inputed 318 out of an expected 1187 non-zero entries into mxArray.
	Processing column 57:
	Have inputed 329 out of an expected 1187 non-zero entries into mxArray.
	Processing column 58:
	Have inputed 340 out of an expected 1187 non-zero entries into mxArray.
	Processing column 59:
	col 59: row = 49; idx = 436; start = 426; end = 447; j(idx) = 59;
col 59: row = 50; idx = 456; start = 447; end = 468; j(idx) = 59;
col 59: row = 51; idx = 476; start = 468; end = 489; j(idx) = 59;
col 59: row = 52; idx = 496; start = 489; end = 510; j(idx) = 59;
col 59: row = 53; idx = 516; start = 510; end = 531; j(idx) = 59;
col 59: row = 54; idx = 536; start = 531; end = 552; j(idx) = 59;
col 59: row = 55; idx = 556; start = 552; end = 573; j(idx) = 59;
col 59: row = 56; idx = 576; start = 573; end = 594; j(idx) = 59;
col 59: row = 57; idx = 596; start = 594; end = 615; j(idx) = 59;
col 59: row = 58; idx = 616; start = 615; end = 636; j(idx) = 59;
col 59: row = 59; idx = 636; start = 636; end = 657; j(idx) = 59;
Have inputed 351 out of an expected 1187 non-zero entries into mxArray.
	Processing column 60:
	Have inputed 362 out of an expected 1187 non-zero entries into mxArray.
	Processing column 61:
	Have inputed 373 out of an expected 1187 non-zero entries into mxArray.
	Processing column 62:
	Have inputed 384 out of an expected 1187 non-zero entries into mxArray.
	Processing column 63:
	Have inputed 395 out of an expected 1187 non-zero entries into mxArray.
	Processing column 64:
	Have inputed 406 out of an expected 1187 non-zero entries into mxArray.
	Processing column 65:
	Have inputed 417 out of an expected 1187 non-zero entries into mxArray.
	Processing column 66:
	Have inputed 428 out of an ex