==21857== Memcheck, a memory error detector
==21857== Copyright (C) 2002-2009, and GNU GPL'd, by Julian Seward et al.
==21857== Using Valgrind-3.6.0.SVN-Debian and LibVEX; rerun with -h for copyright info
==21857== Command: bin/spqr_mat dqr-10x10.mat
==21857== 
==21857== Invalid free() / delete / delete[]
==21857==    at 0x4024B3A: free (vg_replace_malloc.c:366)
==21857==    by 0x4858613: ??? (in /lib/tls/i686/cmov/libc-2.11.1.so)
==21857==    by 0x48580D9: ??? (in /lib/tls/i686/cmov/libc-2.11.1.so)
==21857==    by 0x401F4F3: _vgnU_freeres (vg_preloaded.c:62)
==21857==    by 0x47D3033: _Exit (_exit.S:30)
==21857==    by 0x476A22E: exit (exit.c:100)
==21857==    by 0x4751BDD: (below main) (libc-start.c:258)
==21857==  Address 0x4d17bd0 is not stack'd, malloc'd or (recently) free'd
==21857== 
==21857== 
==21857== HEAP SUMMARY:
==21857==     in use at exit: 3,604 bytes in 77 blocks
==21857==   total heap usage: 54,450 allocs, 54,377 frees, 10,862,459 bytes allocated
==21857== 
==21857== 14 bytes in 1 blocks are possibly lost in loss record 6 of 77
==21857==    at 0x402569A: operator new(unsigned int) (vg_replace_malloc.c:255)
==21857==    by 0x46DBD05: std::string::_Rep::_S_create(unsigned int, unsigned int, std::allocator<char> const&) (in /usr/lib/libstdc++.so.6.0.13)
==21857==    by 0x46DDF6F: std::string::_M_mutate(unsigned int, unsigned int, unsigned int) (in /usr/lib/libstdc++.so.6.0.13)
==21857==    by 0x46DE109: std::string::_M_replace_safe(unsigned int, unsigned int, char const*, unsigned int) (in /usr/lib/libstdc++.so.6.0.13)
==21857==    by 0x46DE1AD: std::string::assign(char const*, unsigned int) (in /usr/lib/libstdc++.so.6.0.13)
==21857==    by 0x4A03505: ??? (in /opt/matlab/bin/glnx86/libut.so)
==21857==    by 0x4A03602: ??? (in /opt/matlab/bin/glnx86/libut.so)
==21857==    by 0x4A04E44: MathWorks::I18n::MlLocaleInit::initGlobalLocale() (in /opt/matlab/bin/glnx86/libut.so)
==21857==    by 0x4A052B5: MathWorks::I18n::MlLocaleInit::MlLocaleInit() (in /opt/matlab/bin/glnx86/libut.so)
==21857==    by 0x4A03753: MathWorks::I18n::init__lcmgmt_init(int) (in /opt/matlab/bin/glnx86/libut.so)
==21857==    by 0x4A037E2: ??? (in /opt/matlab/bin/glnx86/libut.so)
==21857==    by 0x4A346F1: ??? (in /opt/matlab/bin/glnx86/libut.so)
==21857== 
==21857== 15 bytes in 1 blocks are possibly lost in loss record 7 of 77
==21857==    at 0x402569A: operator new(unsigned int) (vg_replace_malloc.c:255)
==21857==    by 0x46DBD05: std::string::_Rep::_S_create(unsigned int, unsigned int, std::allocator<char> const&) (in /usr/lib/libstdc++.so.6.0.13)
==21857==    by 0x46DDF6F: std::string::_M_mutate(unsigned int, unsigned int, unsigned int) (in /usr/lib/libstdc++.so.6.0.13)
==21857==    by 0x46DE109: std::string::_M_replace_safe(unsigned int, unsigned int, char const*, unsigned int) (in /usr/lib/libstdc++.so.6.0.13)
==21857==    by 0x46DE1AD: std::string::assign(char const*, unsigned int) (in /usr/lib/libstdc++.so.6.0.13)
==21857==    by 0x49F90A6: ??? (in /opt/matlab/bin/glnx86/libut.so)
==21857==    by 0x49F925A: ??? (in /opt/matlab/bin/glnx86/libut.so)
==21857==    by 0x49FA36A: ??? (in /opt/matlab/bin/glnx86/libut.so)
==21857==    by 0x4A03E47: ??? (in /opt/matlab/bin/glnx86/libut.so)
==21857==    by 0x4A05252: MathWorks::I18n::MlLocaleInit::MlLocaleInit() (in /opt/matlab/bin/glnx86/libut.so)
==21857==    by 0x4A03753: MathWorks::I18n::init__lcmgmt_init(int) (in /opt/matlab/bin/glnx86/libut.so)
==21857==    by 0x4A037E2: ??? (in /opt/matlab/bin/glnx86/libut.so)
==21857== 
==21857== 15 bytes in 1 blocks are possibly lost in loss record 8 of 77
==21857==    at 0x402569A: operator new(unsigned int) (vg_replace_malloc.c:255)
==21857==    by 0x46DBD05: std::string::_Rep::_S_create(unsigned int, unsigned int, std::allocator<char> const&) (in /usr/lib/libstdc++.so.6.0.13)
==21857==    by 0x46DDF6F: std::string::_M_mutate(unsigned int, unsigned int, unsigned int) (in /usr/lib/libstdc++.so.6.0.13)
==21857==    by 0x46DE109: std::string::_M_replace_safe(unsigned int, unsigned int, char const*, unsigned int) (in /usr/lib/libstdc++.so.6.0.13)
==21857==    by 0x46DE1AD: std::string::assign(char const*, unsigned int) (in /usr/lib/libstdc++.so.6.0.13)
==21857==    by 0x49F90D1: ??? (in /opt/matlab/bin/glnx86/libut.so)
==21857==    by 0x49F925A: ??? (in /opt/matlab/bin/glnx86/libut.so)
==21857==    by 0x49FA36A: ??? (in /opt/matlab/bin/glnx86/libut.so)
==21857==    by 0x4A03E47: ??? (in /opt/matlab/bin/glnx86/libut.so)
==21857==    by 0x4A05252: MathWorks::I18n::MlLocaleInit::MlLocaleInit() (in /opt/matlab/bin/glnx86/libut.so)
==21857==    by 0x4A03753: MathWorks::I18n::init__lcmgmt_init(int) (in /opt/matlab/bin/glnx86/libut.so)
==21857==    by 0x4A037E2: ??? (in /opt/matlab/bin/glnx86/libut.so)
==21857== 
==21857== 15 bytes in 1 blocks are possibly lost in loss record 9 of 77
==21857==    at 0x402569A: operator new(unsigned int) (vg_replace_malloc.c:255)
==21857==    by 0x46DBD05: std::string::_Rep::_S_create(unsigned int, unsigned int, std::allocator<char> const&) (in /usr/lib/libstdc++.so.6.0.13)
==21857==    by 0x46DDF6F: std::string::_M_mutate(unsigned int, unsigned int, unsigned int) (in /usr/lib/libstdc++.so.6.0.13)
==21857==    by 0x46DE109: std::string::_M_replace_safe(unsigned int, unsigned int, char const*, unsigned int) (in /usr/lib/libstdc++.so.6.0.13)
==21857==    by 0x46DE1AD: std::string::assign(char const*, unsigned int) (in /usr/lib/libstdc++.so.6.0.13)
==21857==    by 0x49F90A6: ??? (in /opt/matlab/bin/glnx86/libut.so)
==21857==    by 0x49F9283: ??? (in /opt/matlab/bin/glnx86/libut.so)
==21857==    by 0x49FA36A: ??? (in /opt/matlab/bin/glnx86/libut.so)
==21857==    by 0x4A03E47: ??? (in /opt/matlab/bin/glnx86/libut.so)
==21857==    by 0x4A05252: MathWorks::I18n::MlLocaleInit::MlLocaleInit() (in /opt/matlab/bin/glnx86/libut.so)
==21857==    by 0x4A03753: MathWorks::I18n::init__lcmgmt_init(int) (in /opt/matlab/bin/glnx86/libut.so)
==21857==    by 0x4A037E2: ??? (in /opt/matlab/bin/glnx86/libut.so)
==21857== 
==21857== 15 bytes in 1 blocks are possibly lost in loss record 10 of 77
==21857==    at 0x402569A: operator new(unsigned int) (vg_replace_malloc.c:255)
==21857==    by 0x46DBD05: std::string::_Rep::_S_create(unsigned int, unsigned int, std::allocator<char> const&) (in /usr/lib/libstdc++.so.6.0.13)
==21857==    by 0x46DDF6F: std::string::_M_mutate(unsigned int, unsigned int, unsigned int) (in /usr/lib/libstdc++.so.6.0.13)
==21857==    by 0x46DE109: std::string::_M_replace_safe(unsigned int, unsigned int, char const*, unsigned int) (in /usr/lib/libstdc++.so.6.0.13)
==21857==    by 0x46DE1AD: std::string::assign(char const*, unsigned int) (in /usr/lib/libstdc++.so.6.0.13)
==21857==    by 0x49F90D1: ??? (in /opt/matlab/bin/glnx86/libut.so)
==21857==    by 0x49F9283: ??? (in /opt/matlab/bin/glnx86/libut.so)
==21857==    by 0x49FA36A: ??? (in /opt/matlab/bin/glnx86/libut.so)
==21857==    by 0x4A03E47: ??? (in /opt/matlab/bin/glnx86/libut.so)
==21857==    by 0x4A05252: MathWorks::I18n::MlLocaleInit::MlLocaleInit() (in /opt/matlab/bin/glnx86/libut.so)
==21857==    by 0x4A03753: MathWorks::I18n::init__lcmgmt_init(int) (in /opt/matlab/bin/glnx86/libut.so)
==21857==    by 0x4A037E2: ??? (in /opt/matlab/bin/glnx86/libut.so)
==21857== 
==21857== 15 bytes in 1 blocks are possibly lost in loss record 11 of 77
==21857==    at 0x402569A: operator new(unsigned int) (vg_replace_malloc.c:255)
==21857==    by 0x46DBD05: std::string::_Rep::_S_create(unsigned int, unsigned int, std::allocator<char> const&) (in /usr/lib/libstdc++.so.6.0.13)
==21857==    by 0x46DDF6F: std::string::_M_mutate(unsigned int, unsigned int, unsigned int) (in /usr/lib/libstdc++.so.6.0.13)
==21857==    by 0x46DE109: std::string::_M_replace_safe(unsigned int, unsigned int, char const*, unsigned int) (in /usr/lib/libstdc++.so.6.0.13)
==21857==    by 0x46DE1AD: std::string::assign(char const*, unsigned int) (in /usr/lib/libstdc++.so.6.0.13)
==21857==    by 0x49F90A6: ??? (in /opt/matlab/bin/glnx86/libut.so)
==21857==    by 0x49F92AC: ??? (in /opt/matlab/bin/glnx86/libut.so)
==21857==    by 0x49FA36A: ??? (in /opt/matlab/bin/glnx86/libut.so)
==21857==    by 0x4A03E47: ??? (in /opt/matlab/bin/glnx86/libut.so)
==21857==    by 0x4A05252: MathWorks::I18n::MlLocaleInit::MlLocaleInit() (in /opt/matlab/bin/glnx86/libut.so)
==21857==    by 0x4A03753: MathWorks::I18n::init__lcmgmt_init(int) (in /opt/matlab/bin/glnx86/libut.so)
==21857==    by 0x4A037E2: ??? (in /opt/matlab/bin/glnx86/libut.so)
==21857== 
==21857== 15 bytes in 1 blocks are possibly lost in loss record 12 of 77
==21857==    at 0x402569A: operator new(unsigned int) (vg_replace_malloc.c:255)
==21857==    by 0x46DBD05: std::string::_Rep::_S_create(unsigned int, unsigned int, std::allocator<char> const&) (in /usr/lib/libstdc++.so.6.0.13)
==21857==    by 0x46DDF6F: std::string::_M_mutate(unsigned int, unsigned int, unsigned int) (in /usr/lib/libstdc++.so.6.0.13)
==21857==    by 0x46DE109: std::string::_M_replace_safe(unsigned int, unsigned int, char const*, unsigned int) (in /usr/lib/libstdc++.so.6.0.13)
==21857==    by 0x46DE1AD: std::string::assign(char const*, unsigned int) (in /usr/lib/libstdc++.so.6.0.13)
==21857==    by 0x49F90D1: ??? (in /opt/matlab/bin/glnx86/libut.so)
==21857==    by 0x49F92AC: ??? (in /opt/matlab/bin/glnx86/libut.so)
==21857==    by 0x49FA36A: ??? (in /opt/matlab/bin/glnx86/libut.so)
==21857==    by 0x4A03E47: ??? (in /opt/matlab/bin/glnx86/libut.so)
==21857==    by 0x4A05252: MathWorks::I18n::MlLocaleInit::MlLocaleInit() (in /opt/matlab/bin/glnx86/libut.so)
==21857==    by 0x4A03753: MathWorks::I18n::init__lcmgmt_init(int) (in /opt/matlab/bin/glnx86/libut.so)
==21857==    by 0x4A037E2: ??? (in /opt/matlab/bin/glnx86/libut.so)
==21857== 
==21857== 15 bytes in 1 blocks are possibly lost in loss record 13 of 77
==21857==    at 0x402569A: operator new(unsigned int) (vg_replace_malloc.c:255)
==21857==    by 0x46DBD05: std::string::_Rep::_S_create(unsigned int, unsigned int, std::allocator<char> const&) (in /usr/lib/libstdc++.so.6.0.13)
==21857==    by 0x46DDF6F: std::string::_M_mutate(unsigned int, unsigned int, unsigned int) (in /usr/lib/libstdc++.so.6.0.13)
==21857==    by 0x46DE109: std::string::_M_replace_safe(unsigned int, unsigned int, char const*, unsigned int) (in /usr/lib/libstdc++.so.6.0.13)
==21857==    by 0x46DE1AD: std::string::assign(char const*, unsigned int) (in /usr/lib/libstdc++.so.6.0.13)
==21857==    by 0x49F90A6: ??? (in /opt/matlab/bin/glnx86/libut.so)
==21857==    by 0x49F92D5: ??? (in /opt/matlab/bin/glnx86/libut.so)
==21857==    by 0x49FA36A: ??? (in /opt/matlab/bin/glnx86/libut.so)
==21857==    by 0x4A03E47: ??? (in /opt/matlab/bin/glnx86/libut.so)
==21857==    by 0x4A05252: MathWorks::I18n::MlLocaleInit::MlLocaleInit() (in /opt/matlab/bin/glnx86/libut.so)
==21857==    by 0x4A03753: MathWorks::I18n::init__lcmgmt_init(int) (in /opt/matlab/bin/glnx86/libut.so)
==21857==    by 0x4A037E2: ??? (in /opt/matlab/bin/glnx86/libut.so)
==21857== 
==21857== 15 bytes in 1 blocks are possibly lost in loss record 14 of 77
==21857==    at 0x402569A: operator new(unsigned int) (vg_replace_malloc.c:255)
==21857==    by 0x46DBD05: std::string::_Rep::_S_create(unsigned int, unsigned int, std::allocator<char> const&) (in /usr/lib/libstdc++.so.6.0.13)
==21857==    by 0x46DDF6F: std::string::_M_mutate(unsigned int, unsigned int, unsigned int) (in /usr/lib/libstdc++.so.6.0.13)
==21857==    by 0x46DE109: std::string::_M_replace_safe(unsigned int, unsigned int, char const*, unsigned int) (in /usr/lib/libstdc++.so.6.0.13)
==21857==    by 0x46DE1AD: std::string::assign(char const*, unsigned int) (in /usr/lib/libstdc++.so.6.0.13)
==21857==    by 0x49F90D1: ??? (in /opt/matlab/bin/glnx86/libut.so)
==21857==    by 0x49F92D5: ??? (in /opt/matlab/bin/glnx86/libut.so)
==21857==    by 0x49FA36A: ??? (in /opt/matlab/bin/glnx86/libut.so)
==21857==    by 0x4A03E47: ??? (in /opt/matlab/bin/glnx86/libut.so)
==21857==    by 0x4A05252: MathWorks::I18n::MlLocaleInit::MlLocaleInit() (in /opt/matlab/bin/glnx86/libut.so)
==21857==    by 0x4A03753: MathWorks::I18n::init__lcmgmt_init(int) (in /opt/matlab/bin/glnx86/libut.so)
==21857==    by 0x4A037E2: ??? (in /opt/matlab/bin/glnx86/libut.so)
==21857== 
==21857== 15 bytes in 1 blocks are possibly lost in loss record 15 of 77
==21857==    at 0x402569A: operator new(unsigned int) (vg_replace_malloc.c:255)
==21857==    by 0x46DBD05: std::string::_Rep::_S_create(unsigned int, unsigned int, std::allocator<char> const&) (in /usr/lib/libstdc++.so.6.0.13)
==21857==    by 0x46DDF6F: std::string::_M_mutate(unsigned int, unsigned int, unsigned int) (in /usr/lib/libstdc++.so.6.0.13)
==21857==    by 0x46DE109: std::string::_M_replace_safe(unsigned int, unsigned int, char const*, unsigned int) (in /usr/lib/libstdc++.so.6.0.13)
==21857==    by 0x46DE1AD: std::string::assign(char const*, unsigned int) (in /usr/lib/libstdc++.so.6.0.13)
==21857==    by 0x49F90A6: ??? (in /opt/matlab/bin/glnx86/libut.so)
==21857==    by 0x49F92FE: ??? (in /opt/matlab/bin/glnx86/libut.so)
==21857==    by 0x49FA36A: ??? (in /opt/matlab/bin/glnx86/libut.so)
==21857==    by 0x4A03E47: ??? (in /opt/matlab/bin/glnx86/libut.so)
==21857==    by 0x4A05252: MathWorks::I18n::MlLocaleInit::MlLocaleInit() (in /opt/matlab/bin/glnx86/libut.so)
==21857==    by 0x4A03753: MathWorks::I18n::init__lcmgmt_init(int) (in /opt/matlab/bin/glnx86/libut.so)
==21857==    by 0x4A037E2: ??? (in /opt/matlab/bin/glnx86/libut.so)
==21857== 
==21857== 15 bytes in 1 blocks are possibly lost in loss record 16 of 77
==21857==    at 0x402569A: operator new(unsigned int) (vg_replace_malloc.c:255)
==21857==    by 0x46DBD05: std::string::_Rep::_S_create(unsigned int, unsigned int, std::allocator<char> const&) (in /usr/lib/libstdc++.so.6.0.13)
==21857==    by 0x46DDF6F: std::string::_M_mutate(unsigned int, unsigned int, unsigned int) (in /usr/lib/libstdc++.so.6.0.13)
==21857==    by 0x46DE109: std::string::_M_replace_safe(unsigned int, unsigned int, char const*, unsigned int) (in /usr/lib/libstdc++.so.6.0.13)
==21857==    by 0x46DE1AD: std::string::assign(char const*, unsigned int) (in /usr/lib/libstdc++.so.6.0.13)
==21857==    by 0x49F90D1: ??? (in /opt/matlab/bin/glnx86/libut.so)
==21857==    by 0x49F92FE: ??? (in /opt/matlab/bin/glnx86/libut.so)
==21857==    by 0x49FA36A: ??? (in /opt/matlab/bin/glnx86/libut.so)
==21857==    by 0x4A03E47: ??? (in /opt/matlab/bin/glnx86/libut.so)
==21857==    by 0x4A05252: MathWorks::I18n::MlLocaleInit::MlLocaleInit() (in /opt/matlab/bin/glnx86/libut.so)
==21857==    by 0x4A03753: MathWorks::I18n::init__lcmgmt_init(int) (in /opt/matlab/bin/glnx86/libut.so)
==21857==    by 0x4A037E2: ??? (in /opt/matlab/bin/glnx86/libut.so)
==21857== 
==21857== 15 bytes in 1 blocks are possibly lost in loss record 17 of 77
==21857==    at 0x402569A: operator new(unsigned int) (vg_replace_malloc.c:255)
==21857==    by 0x46DBD05: std::string::_Rep::_S_create(unsigned int, unsigned int, std::allocator<char> const&) (in /usr/lib/libstdc++.so.6.0.13)
==21857==    by 0x46DDF6F: std::string::_M_mutate(unsigned int, unsigned int, unsigned int) (in /usr/lib/libstdc++.so.6.0.13)
==21857==    by 0x46DE109: std::string::_M_replace_safe(unsigned int, unsigned int, char const*, unsigned int) (in /usr/lib/libstdc++.so.6.0.13)
==21857==    by 0x46DE1AD: std::string::assign(char const*, unsigned int) (in /usr/lib/libstdc++.so.6.0.13)
==21857==    by 0x49F90A6: ??? (in /opt/matlab/bin/glnx86/libut.so)
==21857==    by 0x49F9327: ??? (in /opt/matlab/bin/glnx86/libut.so)
==21857==    by 0x49FA36A: ??? (in /opt/matlab/bin/glnx86/libut.so)
==21857==    by 0x4A03E47: ??? (in /opt/matlab/bin/glnx86/libut.so)
==21857==    by 0x4A05252: MathWorks::I18n::MlLocaleInit::MlLocaleInit() (in /opt/matlab/bin/glnx86/libut.so)
==21857==    by 0x4A03753: MathWorks::I18n::init__lcmgmt_init(int) (in /opt/matlab/bin/glnx86/libut.so)
==21857==    by 0x4A037E2: ??? (in /opt/matlab/bin/glnx86/libut.so)
==21857== 
==21857== 15 bytes in 1 blocks are possibly lost in loss record 18 of 77
==21857==    at 0x402569A: operator new(unsigned int) (vg_replace_malloc.c:255)
==21857==    by 0x46DBD05: std::string::_Rep::_S_create(unsigned int, unsigned int, std::allocator<char> const&) (in /usr/lib/libstdc++.so.6.0.13)
==21857==    by 0x46DDF6F: std::string::_M_mutate(unsigned int, unsigned int, unsigned int) (in /usr/lib/libstdc++.so.6.0.13)
==21857==    by 0x46DE109: std::string::_M_replace_safe(unsigned int, unsigned int, char const*, unsigned int) (in /usr/lib/libstdc++.so.6.0.13)
==21857==    by 0x46DE1AD: std::string::assign(char const*, unsigned int) (in /usr/lib/libstdc++.so.6.0.13)
==21857==    by 0x49F90D1: ??? (in /opt/matlab/bin/glnx86/libut.so)
==21857==    by 0x49F9327: ??? (in /opt/matlab/bin/glnx86/libut.so)
==21857==    by 0x49FA36A: ??? (in /opt/matlab/bin/glnx86/libut.so)
==21857==    by 0x4A03E47: ??? (in /opt/matlab/bin/glnx86/libut.so)
==21857==    by 0x4A05252: MathWorks::I18n::MlLocaleInit::MlLocaleInit() (in /opt/matlab/bin/glnx86/libut.so)
==21857==    by 0x4A03753: MathWorks::I18n::init__lcmgmt_init(int) (in /opt/matlab/bin/glnx86/libut.so)
==21857==    by 0x4A037E2: ??? (in /opt/matlab/bin/glnx86/libut.so)
==21857== 
==21857== 15 bytes in 1 blocks are possibly lost in loss record 19 of 77
==21857==    at 0x402569A: operator new(unsigned int) (vg_replace_malloc.c:255)
==21857==    by 0x46DBD05: std::string::_Rep::_S_create(unsigned int, unsigned int, std::allocator<char> const&) (in /usr/lib/libstdc++.so.6.0.13)
==21857==    by 0x46DDF6F: std::string::_M_mutate(unsigned int, unsigned int, unsigned int) (in /usr/lib/libstdc++.so.6.0.13)
==21857==    by 0x46DE109: std::string::_M_replace_safe(unsigned int, unsigned int, char const*, unsigned int) (in /usr/lib/libstdc++.so.6.0.13)
==21857==    by 0x46DE1AD: std::string::assign(char const*, unsigned int) (in /usr/lib/libstdc++.so.6.0.13)
==21857==    by 0x49F90A6: ??? (in /opt/matlab/bin/glnx86/libut.so)
==21857==    by 0x49F9350: ??? (in /opt/matlab/bin/glnx86/libut.so)
==21857==    by 0x49FA36A: ??? (in /opt/matlab/bin/glnx86/libut.so)
==21857==    by 0x4A03E47: ??? (in /opt/matlab/bin/glnx86/libut.so)
==21857==    by 0x4A05252: MathWorks::I18n::MlLocaleInit::MlLocaleInit() (in /opt/matlab/bin/glnx86/libut.so)
==21857==    by 0x4A03753: MathWorks::I18n::init__lcmgmt_init(int) (in /opt/matlab/bin/glnx86/libut.so)
==21857==    by 0x4A037E2: ??? (in /opt/matlab/bin/glnx86/libut.so)
==21857== 
==21857== 15 bytes in 1 blocks are possibly lost in loss record 20 of 77
==21857==    at 0x402569A: operator new(unsigned int) (vg_replace_malloc.c:255)
==21857==    by 0x46DBD05: std::string::_Rep::_S_create(unsigned int, unsigned int, std::allocator<char> const&) (in /usr/lib/libstdc++.so.6.0.13)
==21857==    by 0x46DDF6F: std::string::_M_mutate(unsigned int, unsigned int, unsigned int) (in /usr/lib/libstdc++.so.6.0.13)
==21857==    by 0x46DE109: std::string::_M_replace_safe(unsigned int, unsigned int, char const*, unsigned int) (in /usr/lib/libstdc++.so.6.0.13)
==21857==    by 0x46DE1AD: std::string::assign(char const*, unsigned int) (in /usr/lib/libstdc++.so.6.0.13)
==21857==    by 0x49F90D1: ??? (in /opt/matlab/bin/glnx86/libut.so)
==21857==    by 0x49F9350: ??? (in /opt/matlab/bin/glnx86/libut.so)
==21857==    by 0x49FA36A: ??? (in /opt/matlab/bin/glnx86/libut.so)
==21857==    by 0x4A03E47: ??? (in /opt/matlab/bin/glnx86/libut.so)
==21857==    by 0x4A05252: MathWorks::I18n::MlLocaleInit::MlLocaleInit() (in /opt/matlab/bin/glnx86/libut.so)
==21857==    by 0x4A03753: MathWorks::I18n::init__lcmgmt_init(int) (in /opt/matlab/bin/glnx86/libut.so)
==21857==    by 0x4A037E2: ??? (in /opt/matlab/bin/glnx86/libut.so)
==21857== 
==21857== 15 bytes in 1 blocks are possibly lost in loss record 21 of 77
==21857==    at 0x402569A: operator new(unsigned int) (vg_replace_malloc.c:255)
==21857==    by 0x46DBD05: std::string::_Rep::_S_create(unsigned int, unsigned int, std::allocator<char> const&) (in /usr/lib/libstdc++.so.6.0.13)
==21857==    by 0x46DDF6F: std::string::_M_mutate(unsigned int, unsigned int, unsigned int) (in /usr/lib/libstdc++.so.6.0.13)
==21857==    by 0x46DE109: std::string::_M_replace_safe(unsigned int, unsigned int, char const*, unsigned int) (in /usr/lib/libstdc++.so.6.0.13)
==21857==    by 0x46DE1AD: std::string::assign(char const*, unsigned int) (in /usr/lib/libstdc++.so.6.0.13)
==21857==    by 0x49F90A6: ??? (in /opt/matlab/bin/glnx86/libut.so)
==21857==    by 0x49F925A: ??? (in /opt/matlab/bin/glnx86/libut.so)
==21857==    by 0x4A018D5: ??? (in /opt/matlab/bin/glnx86/libut.so)
==21857==    by 0x4A02A1E: ??? (in /opt/matlab/bin/glnx86/libut.so)
==21857==    by 0x4A03321: ??? (in /opt/matlab/bin/glnx86/libut.so)
==21857==    by 0x4A03602: ??? (in /opt/matlab/bin/glnx86/libut.so)
==21857==    by 0x4A04E44: MathWorks::I18n::MlLocaleInit::initGlobalLocale() (in /opt/matlab/bin/glnx86/libut.so)
==21857== 
==21857== 15 bytes in 1 blocks are possibly lost in loss record 22 of 77
==21857==    at 0x402569A: operator new(unsigned int) (vg_replace_malloc.c:255)
==21857==    by 0x46DBD05: std::string::_Rep::_S_create(unsigned int, unsigned int, std::allocator<char> const&) (in /usr/lib/libstdc++.so.6.0.13)
==21857==    by 0x46DDF6F: std::string::_M_mutate(unsigned int, unsigned int, unsigned int) (in /usr/lib/libstdc++.so.6.0.13)
==21857==    by 0x46DE109: std::string::_M_replace_safe(unsigned int, unsigned int, char const*, unsigned int) (in /usr/lib/libstdc++.so.6.0.13)
==21857==    by 0x46DE1AD: std::string::assign(char const*, unsigned int) (in /usr/lib/libstdc++.so.6.0.13)
==21857==    by 0x49F90D1: ??? (in /opt/matlab/bin/glnx86/libut.so)
==21857==    by 0x49F925A: ??? (in /opt/matlab/bin/glnx86/libut.so)
==21857==    by 0x4A018D5: ??? (in /opt/matlab/bin/glnx86/libut.so)
==21857==    by 0x4A02A1E: ??? (in /opt/matlab/bin/glnx86/libut.so)
==21857==    by 0x4A03321: ??? (in /opt/matlab/bin/glnx86/libut.so)
==21857==    by 0x4A03602: ??? (in /opt/matlab/bin/glnx86/libut.so)
==21857==    by 0x4A04E44: MathWorks::I18n::MlLocaleInit::initGlobalLocale() (in /opt/matlab/bin/glnx86/libut.so)
==21857== 
==21857== 15 bytes in 1 blocks are possibly lost in loss record 23 of 77
==21857==    at 0x402569A: operator new(unsigned int) (vg_replace_malloc.c:255)
==21857==    by 0x46DBD05: std::string::_Rep::_S_create(unsigned int, unsigned int, std::allocator<char> const&) (in /usr/lib/libstdc++.so.6.0.13)
==21857==    by 0x46DDF6F: std::string::_M_mutate(unsigned int, unsigned int, unsigned int) (in /usr/lib/libstdc++.so.6.0.13)
==21857==    by 0x46DE109: std::string::_M_replace_safe(unsigned int, unsigned int, char const*, unsigned int) (in /usr/lib/libstdc++.so.6.0.13)
==21857==    by 0x46DE1AD: std::string::assign(char const*, unsigned int) (in /usr/lib/libstdc++.so.6.0.13)
==21857==    by 0x49F90A6: ??? (in /opt/matlab/bin/glnx86/libut.so)
==21857==    by 0x49F9283: ??? (in /opt/matlab/bin/glnx86/libut.so)
==21857==    by 0x4A018D5: ??? (in /opt/matlab/bin/glnx86/libut.so)
==21857==    by 0x4A02A1E: ??? (in /opt/matlab/bin/glnx86/libut.so)
==21857==    by 0x4A03321: ??? (in /opt/matlab/bin/glnx86/libut.so)
==21857==    by 0x4A03602: ??? (in /opt/matlab/bin/glnx86/libut.so)
==21857==    by 0x4A04E44: MathWorks::I18n::MlLocaleInit::initGlobalLocale() (in /opt/matlab/bin/glnx86/libut.so)
==21857== 
==21857== 15 bytes in 1 blocks are possibly lost in loss record 24 of 77
==21857==    at 0x402569A: operator new(unsigned int) (vg_replace_malloc.c:255)
==21857==    by 0x46DBD05: std::string::_Rep::_S_create(unsigned int, unsigned int, std::allocator<char> const&) (in /usr/lib/libstdc++.so.6.0.13)
==21857==    by 0x46DDF6F: std::string::_M_mutate(unsigned int, unsigned int, unsigned int) (in /usr/lib/libstdc++.so.6.0.13)
==21857==    by 0x46DE109: std::string::_M_replace_safe(unsigned int, unsigned int, char const*, unsigned int) (in /usr/lib/libstdc++.so.6.0.13)
==21857==    by 0x46DE1AD: std::string::assign(char const*, unsigned int) (in /usr/lib/libstdc++.so.6.0.13)
==21857==    by 0x49F90D1: ??? (in /opt/matlab/bin/glnx86/libut.so)
==21857==    by 0x49F9283: ??? (in /opt/matlab/bin/glnx86/libut.so)
==21857==    by 0x4A018D5: ??? (in /opt/matlab/bin/glnx86/libut.so)
==21857==    by 0x4A02A1E: ??? (in /opt/matlab/bin/glnx86/libut.so)
==21857==    by 0x4A03321: ??? (in /opt/matlab/bin/glnx86/libut.so)
==21857==    by 0x4A03602: ??? (in /opt/matlab/bin/glnx86/libut.so)
==21857==    by 0x4A04E44: MathWorks::I18n::MlLocaleInit::initGlobalLocale() (in /opt/matlab/bin/glnx86/libut.so)
==21857== 
==21857== 15 bytes in 1 blocks are possibly lost in loss record 25 of 77
==21857==    at 0x402569A: operator new(unsigned int) (vg_replace_malloc.c:255)
==21857==    by 0x46DBD05: std::string::_Rep::_S_create(unsigned int, unsigned int, std::allocator<char> const&) (in /usr/lib/libstdc++.so.6.0.13)
==21857==    by 0x46DDF6F: std::string::_M_mutate(unsigned int, unsigned int, unsigned int) (in /usr/lib/libstdc++.so.6.0.13)
==21857==    by 0x46DE109: std::string::_M_replace_safe(unsigned int, unsigned int, char const*, unsigned int) (in /usr/lib/libstdc++.so.6.0.13)
==21857==    by 0x46DE1AD: std::string::assign(char const*, unsigned int) (in /usr/lib/libstdc++.so.6.0.13)
==21857==    by 0x49F90A6: ??? (in /opt/matlab/bin/glnx86/libut.so)
==21857==    by 0x49F92AC: ??? (in /opt/matlab/bin/glnx86/libut.so)
==21857==    by 0x4A018D5: ??? (in /opt/matlab/bin/glnx86/libut.so)
==21857==    by 0x4A02A1E: ??? (in /opt/matlab/bin/glnx86/libut.so)
==21857==    by 0x4A03321: ??? (in /opt/matlab/bin/glnx86/libut.so)
==21857==    by 0x4A03602: ??? (in /opt/matlab/bin/glnx86/libut.so)
==21857==    by 0x4A04E44: MathWorks::I18n::MlLocaleInit::initGlobalLocale() (in /opt/matlab/bin/glnx86/libut.so)
==21857== 
==21857== 15 bytes in 1 blocks are possibly lost in loss record 26 of 77
==21857==    at 0x402569A: operator new(unsigned int) (vg_replace_malloc.c:255)
==21857==    by 0x46DBD05: std::string::_Rep::_S_create(unsigned int, unsigned int, std::allocator<char> const&) (in /usr/lib/libstdc++.so.6.0.13)
==21857==    by 0x46DDF6F: std::string::_M_mutate(unsigned int, unsigned int, unsigned int) (in /usr/lib/libstdc++.so.6.0.13)
==21857==    by 0x46DE109: std::string::_M_replace_safe(unsigned int, unsigned int, char const*, unsigned int) (in /usr/lib/libstdc++.so.6.0.13)
==21857==    by 0x46DE1AD: std::string::assign(char const*, unsigned int) (in /usr/lib/libstdc++.so.6.0.13)
==21857==    by 0x49F90D1: ??? (in /opt/matlab/bin/glnx86/libut.so)
==21857==    by 0x49F92AC: ??? (in /opt/matlab/bin/glnx86/libut.so)
==21857==    by 0x4A018D5: ??? (in /opt/matlab/bin/glnx86/libut.so)
==21857==    by 0x4A02A1E: ??? (in /opt/matlab/bin/glnx86/libut.so)
==21857==    by 0x4A03321: ??? (in /opt/matlab/bin/glnx86/libut.so)
==21857==    by 0x4A03602: ??? (in /opt/matlab/bin/glnx86/libut.so)
==21857==    by 0x4A04E44: MathWorks::I18n::MlLocaleInit::initGlobalLocale() (in /opt/matlab/bin/glnx86/libut.so)
==21857== 
==21857== 15 bytes in 1 blocks are possibly lost in loss record 27 of 77
==21857==    at 0x402569A: operator new(unsigned int) (vg_replace_malloc.c:255)
==21857==    by 0x46DBD05: std::string::_Rep::_S_create(unsigned int, unsigned int, std::allocator<char> const&) (in /usr/lib/libstdc++.so.6.0.13)
==21857==    by 0x46DDF6F: std::string::_M_mutate(unsigned int, unsigned int, unsigned int) (in /usr/lib/libstdc++.so.6.0.13)
==21857==    by 0x46DE109: std::string::_M_replace_safe(unsigned int, unsigned int, char const*, unsigned int) (in /usr/lib/libstdc++.so.6.0.13)
==21857==    by 0x46DE1AD: std::string::assign(char const*, unsigned int) (in /usr/lib/libstdc++.so.6.0.13)
==21857==    by 0x49F90A6: ??? (in /opt/matlab/bin/glnx86/libut.so)
==21857==    by 0x49F92D5: ??? (in /opt/matlab/bin/glnx86/libut.so)
==21857==    by 0x4A018D5: ??? (in /opt/matlab/bin/glnx86/libut.so)
==21857==    by 0x4A02A1E: ??? (in /opt/matlab/bin/glnx86/libut.so)
==21857==    by 0x4A03321: ??? (in /opt/matlab/bin/glnx86/libut.so)
==21857==    by 0x4A03602: ??? (in /opt/matlab/bin/glnx86/libut.so)
==21857==    by 0x4A04E44: MathWorks::I18n::MlLocaleInit::initGlobalLocale() (in /opt/matlab/bin/glnx86/libut.so)
==21857== 
==21857== 15 bytes in 1 blocks are possibly lost in loss record 28 of 77
==21857==    at 0x402569A: operator new(unsigned int) (vg_replace_malloc.c:255)
==21857==    by 0x46DBD05: std::string::_Rep::_S_create(unsigned int, unsigned int, std::allocator<char> const&) (in /usr/lib/libstdc++.so.6.0.13)
==21857==    by 0x46DDF6F: std::string::_M_mutate(unsigned int, unsigned int, unsigned int) (in /usr/lib/libstdc++.so.6.0.13)
==21857==    by 0x46DE109: std::string::_M_replace_safe(unsigned int, unsigned int, char const*, unsigned int) (in /usr/lib/libstdc++.so.6.0.13)
==21857==    by 0x46DE1AD: std::string::assign(char const*, unsigned int) (in /usr/lib/libstdc++.so.6.0.13)
==21857==    by 0x49F90D1: ??? (in /opt/matlab/bin/glnx86/libut.so)
==21857==    by 0x49F92D5: ??? (in /opt/matlab/bin/glnx86/libut.so)
==21857==    by 0x4A018D5: ??? (in /opt/matlab/bin/glnx86/libut.so)
==21857==    by 0x4A02A1E: ??? (in /opt/matlab/bin/glnx86/libut.so)
==21857==    by 0x4A03321: ??? (in /opt/matlab/bin/glnx86/libut.so)
==21857==    by 0x4A03602: ??? (in /opt/matlab/bin/glnx86/libut.so)
==21857==    by 0x4A04E44: MathWorks::I18n::MlLocaleInit::initGlobalLocale() (in /opt/matlab/bin/glnx86/libut.so)
==21857== 
==21857== 15 bytes in 1 blocks are possibly lost in loss record 29 of 77
==21857==    at 0x402569A: operator new(unsigned int) (vg_replace_malloc.c:255)
==21857==    by 0x46DBD05: std::string::_Rep::_S_create(unsigned int, unsigned int, std::allocator<char> const&) (in /usr/lib/libstdc++.so.6.0.13)
==21857==    by 0x46DDF6F: std::string::_M_mutate(unsigned int, unsigned int, unsigned int) (in /usr/lib/libstdc++.so.6.0.13)
==21857==    by 0x46DE109: std::string::_M_replace_safe(unsigned int, unsigned int, char const*, unsigned int) (in /usr/lib/libstdc++.so.6.0.13)
==21857==    by 0x46DE1AD: std::string::assign(char const*, unsigned int) (in /usr/lib/libstdc++.so.6.0.13)
==21857==    by 0x49F90A6: ??? (in /opt/matlab/bin/glnx86/libut.so)
==21857==    by 0x49F92FE: ??? (in /opt/matlab/bin/glnx86/libut.so)
==21857==    by 0x4A018D5: ??? (in /opt/matlab/bin/glnx86/libut.so)
==21857==    by 0x4A02A1E: ??? (in /opt/matlab/bin/glnx86/libut.so)
==21857==    by 0x4A03321: ??? (in /opt/matlab/bin/glnx86/libut.so)
==21857==    by 0x4A03602: ??? (in /opt/matlab/bin/glnx86/libut.so)
==21857==    by 0x4A04E44: MathWorks::I18n::MlLocaleInit::initGlobalLocale() (in /opt/matlab/bin/glnx86/libut.so)
==21857== 
==21857== 15 bytes in 1 blocks are possibly lost in loss record 30 of 77
==21857==    at 0x402569A: operator new(unsigned int) (vg_replace_malloc.c:255)
==21857==    by 0x46DBD05: std::string::_Rep::_S_create(unsigned int, unsigned int, std::allocator<char> const&) (in /usr/lib/libstdc++.so.6.0.13)
==21857==    by 0x46DDF6F: std::string::_M_mutate(unsigned int, unsigned int, unsigned int) (in /usr/lib/libstdc++.so.6.0.13)
==21857==    by 0x46DE109: std::string::_M_replace_safe(unsigned int, unsigned int, char const*, unsigned int) (in /usr/lib/libstdc++.so.6.0.13)
==21857==    by 0x46DE1AD: std::string::assign(char const*, unsigned int) (in /usr/lib/libstdc++.so.6.0.13)
==21857==    by 0x49F90D1: ??? (in /opt/matlab/bin/glnx86/libut.so)
==21857==    by 0x49F92FE: ??? (in /opt/matlab/bin/glnx86/libut.so)
==21857==    by 0x4A018D5: ??? (in /opt/matlab/bin/glnx86/libut.so)
==21857==    by 0x4A02A1E: ??? (in /opt/matlab/bin/glnx86/libut.so)
==21857==    by 0x4A03321: ??? (in /opt/matlab/bin/glnx86/libut.so)
==21857==    by 0x4A03602: ??? (in /opt/matlab/bin/glnx86/libut.so)
==21857==    by 0x4A04E44: MathWorks::I18n::MlLocaleInit::initGlobalLocale() (in /opt/matlab/bin/glnx86/libut.so)
==21857== 
==21857== 15 bytes in 1 blocks are possibly lost in loss record 31 of 77
==21857==    at 0x402569A: operator new(unsigned int) (vg_replace_malloc.c:255)
==21857==    by 0x46DBD05: std::string::_Rep::_S_create(unsigned int, unsigned int, std::allocator<char> const&) (in /usr/lib/libstdc++.so.6.0.13)
==21857==    by 0x46DDF6F: std::string::_M_mutate(unsigned int, unsigned int, unsigned int) (in /usr/lib/libstdc++.so.6.0.13)
==21857==    by 0x46DE109: std::string::_M_replace_safe(unsigned int, unsigned int, char const*, unsigned int) (in /usr/lib/libstdc++.so.6.0.13)
==21857==    by 0x46DE1AD: std::string::assign(char const*, unsigned int) (in /usr/lib/libstdc++.so.6.0.13)
==21857==    by 0x49F90A6: ??? (in /opt/matlab/bin/glnx86/libut.so)
==21857==    by 0x49F9327: ??? (in /opt/matlab/bin/glnx86/libut.so)
==21857==    by 0x4A018D5: ??? (in /opt/matlab/bin/glnx86/libut.so)
==21857==    by 0x4A02A1E: ??? (in /opt/matlab/bin/glnx86/libut.so)
==21857==    by 0x4A03321: ??? (in /opt/matlab/bin/glnx86/libut.so)
==21857==    by 0x4A03602: ??? (in /opt/matlab/bin/glnx86/libut.so)
==21857==    by 0x4A04E44: MathWorks::I18n::MlLocaleInit::initGlobalLocale() (in /opt/matlab/bin/glnx86/libut.so)
==21857== 
==21857== 15 bytes in 1 blocks are possibly lost in loss record 32 of 77
==21857==    at 0x402569A: operator new(unsigned int) (vg_replace_malloc.c:255)
==21857==    by 0x46DBD05: std::string::_Rep::_S_create(unsigned int, unsigned int, std::allocator<char> const&) (in /usr/lib/libstdc++.so.6.0.13)
==21857==    by 0x46DDF6F: std::string::_M_mutate(unsigned int, unsigned int, unsigned int) (in /usr/lib/libstdc++.so.6.0.13)
==21857==    by 0x46DE109: std::string::_M_replace_safe(unsigned int, unsigned int, char const*, unsigned int) (in /usr/lib/libstdc++.so.6.0.13)
==21857==    by 0x46DE1AD: std::string::assign(char const*, unsigned int) (in /usr/lib/libstdc++.so.6.0.13)
==21857==    by 0x49F90D1: ??? (in /opt/matlab/bin/glnx86/libut.so)
==21857==    by 0x49F9327: ??? (in /opt/matlab/bin/glnx86/libut.so)
==21857==    by 0x4A018D5: ??? (in /opt/matlab/bin/glnx86/libut.so)
==21857==    by 0x4A02A1E: ??? (in /opt/matlab/bin/glnx86/libut.so)
==21857==    by 0x4A03321: ??? (in /opt/matlab/bin/glnx86/libut.so)
==21857==    by 0x4A03602: ??? (in /opt/matlab/bin/glnx86/libut.so)
==21857==    by 0x4A04E44: MathWorks::I18n::MlLocaleInit::initGlobalLocale() (in /opt/matlab/bin/glnx86/libut.so)
==21857== 
==21857== 15 bytes in 1 blocks are possibly lost in loss record 33 of 77
==21857==    at 0x402569A: operator new(unsigned int) (vg_replace_malloc.c:255)
==21857==    by 0x46DBD05: std::string::_Rep::_S_create(unsigned int, unsigned int, std::allocator<char> const&) (in /usr/lib/libstdc++.so.6.0.13)
==21857==    by 0x46DDF6F: std::string::_M_mutate(unsigned int, unsigned int, unsigned int) (in /usr/lib/libstdc++.so.6.0.13)
==21857==    by 0x46DE109: std::string::_M_replace_safe(unsigned int, unsigned int, char const*, unsigned int) (in /usr/lib/libstdc++.so.6.0.13)
==21857==    by 0x46DE1AD: std::string::assign(char const*, unsigned int) (in /usr/lib/libstdc++.so.6.0.13)
==21857==    by 0x49F90A6: ??? (in /opt/matlab/bin/glnx86/libut.so)
==21857==    by 0x49F9350: ??? (in /opt/matlab/bin/glnx86/libut.so)
==21857==    by 0x4A018D5: ??? (in /opt/matlab/bin/glnx86/libut.so)
==21857==    by 0x4A02A1E: ??? (in /opt/matlab/bin/glnx86/libut.so)
==21857==    by 0x4A03321: ??? (in /opt/matlab/bin/glnx86/libut.so)
==21857==    by 0x4A03602: ??? (in /opt/matlab/bin/glnx86/libut.so)
==21857==    by 0x4A04E44: MathWorks::I18n::MlLocaleInit::initGlobalLocale() (in /opt/matlab/bin/glnx86/libut.so)
==21857== 
==21857== 15 bytes in 1 blocks are possibly lost in loss record 34 of 77
==21857==    at 0x402569A: operator new(unsigned int) (vg_replace_malloc.c:255)
==21857==    by 0x46DBD05: std::string::_Rep::_S_create(unsigned int, unsigned int, std::allocator<char> const&) (in /usr/lib/libstdc++.so.6.0.13)
==21857==    by 0x46DDF6F: std::string::_M_mutate(unsigned int, unsigned int, unsigned int) (in /usr/lib/libstdc++.so.6.0.13)
==21857==    by 0x46DE109: std::string::_M_replace_safe(unsigned int, unsigned int, char const*, unsigned int) (in /usr/lib/libstdc++.so.6.0.13)
==21857==    by 0x46DE1AD: std::string::assign(char const*, unsigned int) (in /usr/lib/libstdc++.so.6.0.13)
==21857==    by 0x49F90D1: ??? (in /opt/matlab/bin/glnx86/libut.so)
==21857==    by 0x49F9350: ??? (in /opt/matlab/bin/glnx86/libut.so)
==21857==    by 0x4A018D5: ??? (in /opt/matlab/bin/glnx86/libut.so)
==21857==    by 0x4A02A1E: ??? (in /opt/matlab/bin/glnx86/libut.so)
==21857==    by 0x4A03321: ??? (in /opt/matlab/bin/glnx86/libut.so)
==21857==    by 0x4A03602: ??? (in /opt/matlab/bin/glnx86/libut.so)
==21857==    by 0x4A04E44: MathWorks::I18n::MlLocaleInit::initGlobalLocale() (in /opt/matlab/bin/glnx86/libut.so)
==21857== 
==21857== 18 bytes in 1 blocks are possibly lost in loss record 40 of 77
==21857==    at 0x402569A: operator new(unsigned int) (vg_replace_malloc.c:255)
==21857==    by 0x46DBD05: std::string::_Rep::_S_create(unsigned int, unsigned int, std::allocator<char> const&) (in /usr/lib/libstdc++.so.6.0.13)
==21857==    by 0x46DDF6F: std::string::_M_mutate(unsigned int, unsigned int, unsigned int) (in /usr/lib/libstdc++.so.6.0.13)
==21857==    by 0x46DE109: std::string::_M_replace_safe(unsigned int, unsigned int, char const*, unsigned int) (in /usr/lib/libstdc++.so.6.0.13)
==21857==    by 0x46DE1AD: std::string::assign(char const*, unsigned int) (in /usr/lib/libstdc++.so.6.0.13)
==21857==    by 0x49F90FC: ??? (in /opt/matlab/bin/glnx86/libut.so)
==21857==    by 0x49F925A: ??? (in /opt/matlab/bin/glnx86/libut.so)
==21857==    by 0x4A018D5: ??? (in /opt/matlab/bin/glnx86/libut.so)
==21857==    by 0x4A02A1E: ??? (in /opt/matlab/bin/glnx86/libut.so)
==21857==    by 0x4A03321: ??? (in /opt/matlab/bin/glnx86/libut.so)
==21857==    by 0x4A03602: ??? (in /opt/matlab/bin/glnx86/libut.so)
==21857==    by 0x4A04E44: MathWorks::I18n::MlLocaleInit::initGlobalLocale() (in /opt/matlab/bin/glnx86/libut.so)
==21857== 
==21857== 18 bytes in 1 blocks are possibly lost in loss record 41 of 77
==21857==    at 0x402569A: operator new(unsigned int) (vg_replace_malloc.c:255)
==21857==    by 0x46DBD05: std::string::_Rep::_S_create(unsigned int, unsigned int, std::allocator<char> const&) (in /usr/lib/libstdc++.so.6.0.13)
==21857==    by 0x46DDF6F: std::string::_M_mutate(unsigned int, unsigned int, unsigned int) (in /usr/lib/libstdc++.so.6.0.13)
==21857==    by 0x46DE109: std::string::_M_replace_safe(unsigned int, unsigned int, char const*, unsigned int) (in /usr/lib/libstdc++.so.6.0.13)
==21857==    by 0x46DE1AD: std::string::assign(char const*, unsigned int) (in /usr/lib/libstdc++.so.6.0.13)
==21857==    by 0x49F90FC: ??? (in /opt/matlab/bin/glnx86/libut.so)
==21857==    by 0x49F9283: ??? (in /opt/matlab/bin/glnx86/libut.so)
==21857==    by 0x4A018D5: ??? (in /opt/matlab/bin/glnx86/libut.so)
==21857==    by 0x4A02A1E: ??? (in /opt/matlab/bin/glnx86/libut.so)
==21857==    by 0x4A03321: ??? (in /opt/matlab/bin/glnx86/libut.so)
==21857==    by 0x4A03602: ??? (in /opt/matlab/bin/glnx86/libut.so)
==21857==    by 0x4A04E44: MathWorks::I18n::MlLocaleInit::initGlobalLocale() (in /opt/matlab/bin/glnx86/libut.so)
==21857== 
==21857== 18 bytes in 1 blocks are possibly lost in loss record 42 of 77
==21857==    at 0x402569A: operator new(unsigned int) (vg_replace_malloc.c:255)
==21857==    by 0x46DBD05: std::string::_Rep::_S_create(unsigned int, unsigned int, std::allocator<char> const&) (in /usr/lib/libstdc++.so.6.0.13)
==21857==    by 0x46DDF6F: std::string::_M_mutate(unsigned int, unsigned int, unsigned int) (in /usr/lib/libstdc++.so.6.0.13)
==21857==    by 0x46DE109: std::string::_M_replace_safe(unsigned int, unsigned int, char const*, unsigned int) (in /usr/lib/libstdc++.so.6.0.13)
==21857==    by 0x46DE1AD: std::string::assign(char const*, unsigned int) (in /usr/lib/libstdc++.so.6.0.13)
==21857==    by 0x49F90FC: ??? (in /opt/matlab/bin/glnx86/libut.so)
==21857==    by 0x49F92AC: ??? (in /opt/matlab/bin/glnx86/libut.so)
==21857==    by 0x4A018D5: ??? (in /opt/matlab/bin/glnx86/libut.so)
==21857==    by 0x4A02A1E: ??? (in /opt/matlab/bin/glnx86/libut.so)
==21857==    by 0x4A03321: ??? (in /opt/matlab/bin/glnx86/libut.so)
==21857==    by 0x4A03602: ??? (in /opt/matlab/bin/glnx86/libut.so)
==21857==    by 0x4A04E44: MathWorks::I18n::MlLocaleInit::initGlobalLocale() (in /opt/matlab/bin/glnx86/libut.so)
==21857== 
==21857== 18 bytes in 1 blocks are possibly lost in loss record 43 of 77
==21857==    at 0x402569A: operator new(unsigned int) (vg_replace_malloc.c:255)
==21857==    by 0x46DBD05: std::string::_Rep::_S_create(unsigned int, unsigned int, std::allocator<char> const&) (in /usr/lib/libstdc++.so.6.0.13)
==21857==    by 0x46DDF6F: std::string::_M_mutate(unsigned int, unsigned int, unsigned int) (in /usr/lib/libstdc++.so.6.0.13)
==21857==    by 0x46DE109: std::string::_M_replace_safe(unsigned int, unsigned int, char const*, unsigned int) (in /usr/lib/libstdc++.so.6.0.13)
==21857==    by 0x46DE1AD: std::string::assign(char const*, unsigned int) (in /usr/lib/libstdc++.so.6.0.13)
==21857==    by 0x49F90FC: ??? (in /opt/matlab/bin/glnx86/libut.so)
==21857==    by 0x49F92FE: ??? (in /opt/matlab/bin/glnx86/libut.so)
==21857==    by 0x4A018D5: ??? (in /opt/matlab/bin/glnx86/libut.so)
==21857==    by 0x4A02A1E: ??? (in /opt/matlab/bin/glnx86/libut.so)
==21857==    by 0x4A03321: ??? (in /opt/matlab/bin/glnx86/libut.so)
==21857==    by 0x4A03602: ??? (in /opt/matlab/bin/glnx86/libut.so)
==21857==    by 0x4A04E44: MathWorks::I18n::MlLocaleInit::initGlobalLocale() (in /opt/matlab/bin/glnx86/libut.so)
==21857== 
==21857== 18 bytes in 1 blocks are possibly lost in loss record 44 of 77
==21857==    at 0x402569A: operator new(unsigned int) (vg_replace_malloc.c:255)
==21857==    by 0x46DBD05: std::string::_Rep::_S_create(unsigned int, unsigned int, std::allocator<char> const&) (in /usr/lib/libstdc++.so.6.0.13)
==21857==    by 0x46DDF6F: std::string::_M_mutate(unsigned int, unsigned int, unsigned int) (in /usr/lib/libstdc++.so.6.0.13)
==21857==    by 0x46DE109: std::string::_M_replace_safe(unsigned int, unsigned int, char const*, unsigned int) (in /usr/lib/libstdc++.so.6.0.13)
==21857==    by 0x46DE1AD: std::string::assign(char const*, unsigned int) (in /usr/lib/libstdc++.so.6.0.13)
==21857==    by 0x49F90FC: ??? (in /opt/matlab/bin/glnx86/libut.so)
==21857==    by 0x49F9327: ??? (in /opt/matlab/bin/glnx86/libut.so)
==21857==    by 0x4A018D5: ??? (in /opt/matlab/bin/glnx86/libut.so)
==21857==    by 0x4A02A1E: ??? (in /opt/matlab/bin/glnx86/libut.so)
==21857==    by 0x4A03321: ??? (in /opt/matlab/bin/glnx86/libut.so)
==21857==    by 0x4A03602: ??? (in /opt/matlab/bin/glnx86/libut.so)
==21857==    by 0x4A04E44: MathWorks::I18n::MlLocaleInit::initGlobalLocale() (in /opt/matlab/bin/glnx86/libut.so)
==21857== 
==21857== 18 bytes in 1 blocks are possibly lost in loss record 45 of 77
==21857==    at 0x402569A: operator new(unsigned int) (vg_replace_malloc.c:255)
==21857==    by 0x46DBD05: std::string::_Rep::_S_create(unsigned int, unsigned int, std::allocator<char> const&) (in /usr/lib/libstdc++.so.6.0.13)
==21857==    by 0x46DDF6F: std::string::_M_mutate(unsigned int, unsigned int, unsigned int) (in /usr/lib/libstdc++.so.6.0.13)
==21857==    by 0x46DE109: std::string::_M_replace_safe(unsigned int, unsigned int, char const*, unsigned int) (in /usr/lib/libstdc++.so.6.0.13)
==21857==    by 0x46DE1AD: std::string::assign(char const*, unsigned int) (in /usr/lib/libstdc++.so.6.0.13)
==21857==    by 0x49F90FC: ??? (in /opt/matlab/bin/glnx86/libut.so)
==21857==    by 0x49F9350: ??? (in /opt/matlab/bin/glnx86/libut.so)
==21857==    by 0x4A018D5: ??? (in /opt/matlab/bin/glnx86/libut.so)
==21857==    by 0x4A02A1E: ??? (in /opt/matlab/bin/glnx86/libut.so)
==21857==    by 0x4A03321: ??? (in /opt/matlab/bin/glnx86/libut.so)
==21857==    by 0x4A03602: ??? (in /opt/matlab/bin/glnx86/libut.so)
==21857==    by 0x4A04E44: MathWorks::I18n::MlLocaleInit::initGlobalLocale() (in /opt/matlab/bin/glnx86/libut.so)
==21857== 
==21857== 21 bytes in 1 blocks are possibly lost in loss record 48 of 77
==21857==    at 0x402569A: operator new(unsigned int) (vg_replace_malloc.c:255)
==21857==    by 0x46DBD05: std::string::_Rep::_S_create(unsigned int, unsigned int, std::allocator<char> const&) (in /usr/lib/libstdc++.so.6.0.13)
==21857==    by 0x46DDF6F: std::string::_M_mutate(unsigned int, unsigned int, unsigned int) (in /usr/lib/libstdc++.so.6.0.13)
==21857==    by 0x46DE109: std::string::_M_replace_safe(unsigned int, unsigned int, char const*, unsigned int) (in /usr/lib/libstdc++.so.6.0.13)
==21857==    by 0x46DE1AD: std::string::assign(char const*, unsigned int) (in /usr/lib/libstdc++.so.6.0.13)
==21857==    by 0x49F90FC: ??? (in /opt/matlab/bin/glnx86/libut.so)
==21857==    by 0x49F925A: ??? (in /opt/matlab/bin/glnx86/libut.so)
==21857==    by 0x49FA36A: ??? (in /opt/matlab/bin/glnx86/libut.so)
==21857==    by 0x4A03E47: ??? (in /opt/matlab/bin/glnx86/libut.so)
==21857==    by 0x4A05252: MathWorks::I18n::MlLocaleInit::MlLocaleInit() (in /opt/matlab/bin/glnx86/libut.so)
==21857==    by 0x4A03753: MathWorks::I18n::init__lcmgmt_init(int) (in /opt/matlab/bin/glnx86/libut.so)
==21857==    by 0x4A037E2: ??? (in /opt/matlab/bin/glnx86/libut.so)
==21857== 
==21857== 21 bytes in 1 blocks are possibly lost in loss record 49 of 77
==21857==    at 0x402569A: operator new(unsigned int) (vg_replace_malloc.c:255)
==21857==    by 0x46DBD05: std::string::_Rep::_S_create(unsigned int, unsigned int, std::allocator<char> const&) (in /usr/lib/libstdc++.so.6.0.13)
==21857==    by 0x46DDF6F: std::string::_M_mutate(unsigned int, unsigned int, unsigned int) (in /usr/lib/libstdc++.so.6.0.13)
==21857==    by 0x46DE109: std::string::_M_replace_safe(unsigned int, unsigned int, char const*, unsigned int) (in /usr/lib/libstdc++.so.6.0.13)
==21857==    by 0x46DE1AD: std::string::assign(char const*, unsigned int) (in /usr/lib/libstdc++.so.6.0.13)
==21857==    by 0x49F90FC: ??? (in /opt/matlab/bin/glnx86/libut.so)
==21857==    by 0x49F9283: ??? (in /opt/matlab/bin/glnx86/libut.so)
==21857==    by 0x49FA36A: ??? (in /opt/matlab/bin/glnx86/libut.so)
==21857==    by 0x4A03E47: ??? (in /opt/matlab/bin/glnx86/libut.so)
==21857==    by 0x4A05252: MathWorks::I18n::MlLocaleInit::MlLocaleInit() (in /opt/matlab/bin/glnx86/libut.so)
==21857==    by 0x4A03753: MathWorks::I18n::init__lcmgmt_init(int) (in /opt/matlab/bin/glnx86/libut.so)
==21857==    by 0x4A037E2: ??? (in /opt/matlab/bin/glnx86/libut.so)
==21857== 
==21857== 21 bytes in 1 blocks are possibly lost in loss record 50 of 77
==21857==    at 0x402569A: operator new(unsigned int) (vg_replace_malloc.c:255)
==21857==    by 0x46DBD05: std::string::_Rep::_S_create(unsigned int, unsigned int, std::allocator<char> const&) (in /usr/lib/libstdc++.so.6.0.13)
==21857==    by 0x46DDF6F: std::string::_M_mutate(unsigned int, unsigned int, unsigned int) (in /usr/lib/libstdc++.so.6.0.13)
==21857==    by 0x46DE109: std::string::_M_replace_safe(unsigned int, unsigned int, char const*, unsigned int) (in /usr/lib/libstdc++.so.6.0.13)
==21857==    by 0x46DE1AD: std::string::assign(char const*, unsigned int) (in /usr/lib/libstdc++.so.6.0.13)
==21857==    by 0x49F90FC: ??? (in /opt/matlab/bin/glnx86/libut.so)
==21857==    by 0x49F92AC: ??? (in /opt/matlab/bin/glnx86/libut.so)
==21857==    by 0x49FA36A: ??? (in /opt/matlab/bin/glnx86/libut.so)
==21857==    by 0x4A03E47: ??? (in /opt/matlab/bin/glnx86/libut.so)
==21857==    by 0x4A05252: MathWorks::I18n::MlLocaleInit::MlLocaleInit() (in /opt/matlab/bin/glnx86/libut.so)
==21857==    by 0x4A03753: MathWorks::I18n::init__lcmgmt_init(int) (in /opt/matlab/bin/glnx86/libut.so)
==21857==    by 0x4A037E2: ??? (in /opt/matlab/bin/glnx86/libut.so)
==21857== 
==21857== 21 bytes in 1 blocks are possibly lost in loss record 51 of 77
==21857==    at 0x402569A: operator new(unsigned int) (vg_replace_malloc.c:255)
==21857==    by 0x46DBD05: std::string::_Rep::_S_create(unsigned int, unsigned int, std::allocator<char> const&) (in /usr/lib/libstdc++.so.6.0.13)
==21857==    by 0x46DDF6F: std::string::_M_mutate(unsigned int, unsigned int, unsigned int) (in /usr/lib/libstdc++.so.6.0.13)
==21857==    by 0x46DE109: std::string::_M_replace_safe(unsigned int, unsigned int, char const*, unsigned int) (in /usr/lib/libstdc++.so.6.0.13)
==21857==    by 0x46DE1AD: std::string::assign(char const*, unsigned int) (in /usr/lib/libstdc++.so.6.0.13)
==21857==    by 0x49F90FC: ??? (in /opt/matlab/bin/glnx86/libut.so)
==21857==    by 0x49F92D5: ??? (in /opt/matlab/bin/glnx86/libut.so)
==21857==    by 0x49FA36A: ??? (in /opt/matlab/bin/glnx86/libut.so)
==21857==    by 0x4A03E47: ??? (in /opt/matlab/bin/glnx86/libut.so)
==21857==    by 0x4A05252: MathWorks::I18n::MlLocaleInit::MlLocaleInit() (in /opt/matlab/bin/glnx86/libut.so)
==21857==    by 0x4A03753: MathWorks::I18n::init__lcmgmt_init(int) (in /opt/matlab/bin/glnx86/libut.so)
==21857==    by 0x4A037E2: ??? (in /opt/matlab/bin/glnx86/libut.so)
==21857== 
==21857== 21 bytes in 1 blocks are possibly lost in loss record 52 of 77
==21857==    at 0x402569A: operator new(unsigned int) (vg_replace_malloc.c:255)
==21857==    by 0x46DBD05: std::string::_Rep::_S_create(unsigned int, unsigned int, std::allocator<char> const&) (in /usr/lib/libstdc++.so.6.0.13)
==21857==    by 0x46DDF6F: std::string::_M_mutate(unsigned int, unsigned int, unsigned int) (in /usr/lib/libstdc++.so.6.0.13)
==21857==    by 0x46DE109: std::string::_M_replace_safe(unsigned int, unsigned int, char const*, unsigned int) (in /usr/lib/libstdc++.so.6.0.13)
==21857==    by 0x46DE1AD: std::string::assign(char const*, unsigned int) (in /usr/lib/libstdc++.so.6.0.13)
==21857==    by 0x49F90FC: ??? (in /opt/matlab/bin/glnx86/libut.so)
==21857==    by 0x49F92FE: ??? (in /opt/matlab/bin/glnx86/libut.so)
==21857==    by 0x49FA36A: ??? (in /opt/matlab/bin/glnx86/libut.so)
==21857==    by 0x4A03E47: ??? (in /opt/matlab/bin/glnx86/libut.so)
==21857==    by 0x4A05252: MathWorks::I18n::MlLocaleInit::MlLocaleInit() (in /opt/matlab/bin/glnx86/libut.so)
==21857==    by 0x4A03753: MathWorks::I18n::init__lcmgmt_init(int) (in /opt/matlab/bin/glnx86/libut.so)
==21857==    by 0x4A037E2: ??? (in /opt/matlab/bin/glnx86/libut.so)
==21857== 
==21857== 21 bytes in 1 blocks are possibly lost in loss record 53 of 77
==21857==    at 0x402569A: operator new(unsigned int) (vg_replace_malloc.c:255)
==21857==    by 0x46DBD05: std::string::_Rep::_S_create(unsigned int, unsigned int, std::allocator<char> const&) (in /usr/lib/libstdc++.so.6.0.13)
==21857==    by 0x46DDF6F: std::string::_M_mutate(unsigned int, unsigned int, unsigned int) (in /usr/lib/libstdc++.so.6.0.13)
==21857==    by 0x46DE109: std::string::_M_replace_safe(unsigned int, unsigned int, char const*, unsigned int) (in /usr/lib/libstdc++.so.6.0.13)
==21857==    by 0x46DE1AD: std::string::assign(char const*, unsigned int) (in /usr/lib/libstdc++.so.6.0.13)
==21857==    by 0x49F90FC: ??? (in /opt/matlab/bin/glnx86/libut.so)
==21857==    by 0x49F9327: ??? (in /opt/matlab/bin/glnx86/libut.so)
==21857==    by 0x49FA36A: ??? (in /opt/matlab/bin/glnx86/libut.so)
==21857==    by 0x4A03E47: ??? (in /opt/matlab/bin/glnx86/libut.so)
==21857==    by 0x4A05252: MathWorks::I18n::MlLocaleInit::MlLocaleInit() (in /opt/matlab/bin/glnx86/libut.so)
==21857==    by 0x4A03753: MathWorks::I18n::init__lcmgmt_init(int) (in /opt/matlab/bin/glnx86/libut.so)
==21857==    by 0x4A037E2: ??? (in /opt/matlab/bin/glnx86/libut.so)
==21857== 
==21857== 21 bytes in 1 blocks are possibly lost in loss record 54 of 77
==21857==    at 0x402569A: operator new(unsigned int) (vg_replace_malloc.c:255)
==21857==    by 0x46DBD05: std::string::_Rep::_S_create(unsigned int, unsigned int, std::allocator<char> const&) (in /usr/lib/libstdc++.so.6.0.13)
==21857==    by 0x46DDF6F: std::string::_M_mutate(unsigned int, unsigned int, unsigned int) (in /usr/lib/libstdc++.so.6.0.13)
==21857==    by 0x46DE109: std::string::_M_replace_safe(unsigned int, unsigned int, char const*, unsigned int) (in /usr/lib/libstdc++.so.6.0.13)
==21857==    by 0x46DE1AD: std::string::assign(char const*, unsigned int) (in /usr/lib/libstdc++.so.6.0.13)
==21857==    by 0x49F90FC: ??? (in /opt/matlab/bin/glnx86/libut.so)
==21857==    by 0x49F9350: ??? (in /opt/matlab/bin/glnx86/libut.so)
==21857==    by 0x49FA36A: ??? (in /opt/matlab/bin/glnx86/libut.so)
==21857==    by 0x4A03E47: ??? (in /opt/matlab/bin/glnx86/libut.so)
==21857==    by 0x4A05252: MathWorks::I18n::MlLocaleInit::MlLocaleInit() (in /opt/matlab/bin/glnx86/libut.so)
==21857==    by 0x4A03753: MathWorks::I18n::init__lcmgmt_init(int) (in /opt/matlab/bin/glnx86/libut.so)
==21857==    by 0x4A037E2: ??? (in /opt/matlab/bin/glnx86/libut.so)
==21857== 
==21857== 23 bytes in 1 blocks are possibly lost in loss record 55 of 77
==21857==    at 0x402569A: operator new(unsigned int) (vg_replace_malloc.c:255)
==21857==    by 0x46DBD05: std::string::_Rep::_S_create(unsigned int, unsigned int, std::allocator<char> const&) (in /usr/lib/libstdc++.so.6.0.13)
==21857==    by 0x46DDF6F: std::string::_M_mutate(unsigned int, unsigned int, unsigned int) (in /usr/lib/libstdc++.so.6.0.13)
==21857==    by 0x46DE109: std::string::_M_replace_safe(unsigned int, unsigned int, char const*, unsigned int) (in /usr/lib/libstdc++.so.6.0.13)
==21857==    by 0x46DE1AD: std::string::assign(char const*, unsigned int) (in /usr/lib/libstdc++.so.6.0.13)
==21857==    by 0x4A022C4: ??? (in /opt/matlab/bin/glnx86/libut.so)
==21857==    by 0x4A02749: ??? (in /opt/matlab/bin/glnx86/libut.so)
==21857==    by 0x4A03321: ??? (in /opt/matlab/bin/glnx86/libut.so)
==21857==    by 0x4A03602: ??? (in /opt/matlab/bin/glnx86/libut.so)
==21857==    by 0x4A04E44: MathWorks::I18n::MlLocaleInit::initGlobalLocale() (in /opt/matlab/bin/glnx86/libut.so)
==21857==    by 0x4A052B5: MathWorks::I18n::MlLocaleInit::MlLocaleInit() (in /opt/matlab/bin/glnx86/libut.so)
==21857==    by 0x4A03753: MathWorks::I18n::init__lcmgmt_init(int) (in /opt/matlab/bin/glnx86/libut.so)
==21857== 
==21857== 23 bytes in 1 blocks are possibly lost in loss record 56 of 77
==21857==    at 0x402569A: operator new(unsigned int) (vg_replace_malloc.c:255)
==21857==    by 0x46DBD05: std::string::_Rep::_S_create(unsigned int, unsigned int, std::allocator<char> const&) (in /usr/lib/libstdc++.so.6.0.13)
==21857==    by 0x46DDF6F: std::string::_M_mutate(unsigned int, unsigned int, unsigned int) (in /usr/lib/libstdc++.so.6.0.13)
==21857==    by 0x46DE109: std::string::_M_replace_safe(unsigned int, unsigned int, char const*, unsigned int) (in /usr/lib/libstdc++.so.6.0.13)
==21857==    by 0x46DE1AD: std::string::assign(char const*, unsigned int) (in /usr/lib/libstdc++.so.6.0.13)
==21857==    by 0x49F90FC: ??? (in /opt/matlab/bin/glnx86/libut.so)
==21857==    by 0x49F937D: ??? (in /opt/matlab/bin/glnx86/libut.so)
==21857==    by 0x4A0336C: ??? (in /opt/matlab/bin/glnx86/libut.so)
==21857==    by 0x4A03602: ??? (in /opt/matlab/bin/glnx86/libut.so)
==21857==    by 0x4A04E44: MathWorks::I18n::MlLocaleInit::initGlobalLocale() (in /opt/matlab/bin/glnx86/libut.so)
==21857==    by 0x4A052B5: MathWorks::I18n::MlLocaleInit::MlLocaleInit() (in /opt/matlab/bin/glnx86/libut.so)
==21857==    by 0x4A03753: MathWorks::I18n::init__lcmgmt_init(int) (in /opt/matlab/bin/glnx86/libut.so)
==21857== 
==21857== LEAK SUMMARY:
==21857==    definitely lost: 0 bytes in 0 blocks
==21857==    indirectly lost: 0 bytes in 0 blocks
==21857==      possibly lost: 735 bytes in 44 blocks
==21857==    still reachable: 2,869 bytes in 33 blocks
==21857==         suppressed: 0 bytes in 0 blocks
==21857== Reachable blocks (those to which a pointer was found) are not shown.
==21857== To see them, rerun with: --leak-check=full --show-reachable=yes
==21857== 
==21857== For counts of detected and suppressed errors, rerun with: -v
==21857== ERROR SUMMARY: 48 errors from 45 contexts (suppressed: 59 from 8)
